#
# A fatal error has been detected by the Java Runtime Environment:
#
#  EXCEPTION_ACCESS_VIOLATION (0xc0000005) at pc=0x00007ff92ebb6bcf, pid=11460, tid=11436
#
# JRE version: OpenJDK Runtime Environment (16.0.2+7) (build 16.0.2+7-67)
# Java VM: OpenJDK 64-Bit Server VM (16.0.2+7-67, mixed mode, sharing, tiered, compressed oops, compressed class ptrs, g1 gc, windows-amd64)
# Problematic frame:
# V  [jvm.dll+0x646bcf]
#
# No core dump will be written. Minidumps are not enabled by default on client versions of Windows
#
# If you would like to submit a bug report, please visit:
#   https://bugreport.java.com/bugreport/crash.jsp
#

---------------  S U M M A R Y ------------

Command Line: --add-opens=java.base/java.util=ALL-UNNAMED --add-opens=java.base/java.lang=ALL-UNNAMED --add-opens=java.base/java.lang.invoke=ALL-UNNAMED --add-opens=java.base/java.util=ALL-UNNAMED --add-opens=java.prefs/java.util.prefs=ALL-UNNAMED --add-opens=java.prefs/java.util.prefs=ALL-UNNAMED --add-opens=java.base/java.nio.charset=ALL-UNNAMED --add-opens=java.base/java.net=ALL-UNNAMED --add-opens=java.base/java.util.concurrent.atomic=ALL-UNNAMED -Xmx2048m -Dfile.encoding=UTF-8 -Duser.country=GB -Duser.language=en -Duser.variant org.gradle.launcher.daemon.bootstrap.GradleDaemon 7.0.2

Host: Intel(R) Core(TM) i7-6700HQ CPU @ 2.60GHz, 8 cores, 15G,  Windows 10 , 64 bit Build 10586 (10.0.10586.0)
Time: Mon Aug 16 11:32:24 2021 GMT Daylight Time elapsed time: 28.165381 seconds (0d 0h 0m 28s)

---------------  T H R E A D  ---------------

Current thread (0x000002a37e27ba80):  JavaThread "C2 CompilerThread0" daemon [_thread_in_native, id=11436, stack(0x000000c91ce00000,0x000000c91cf00000)]


Current CompileTask:
C2:  28165 9941   !   4       java.io.ObjectOutputStream::writeObject0 (620 bytes)

Stack: [0x000000c91ce00000,0x000000c91cf00000],  sp=0x000000c91cefb8b0,  free space=1006k
Native frames: (J=compiled Java code, j=interpreted, Vv=VM code, C=native code)
V  [jvm.dll+0x646bcf]
V  [jvm.dll+0x693007]
V  [jvm.dll+0x692943]
V  [jvm.dll+0x1b9d8d]
V  [jvm.dll+0x215e16]
V  [jvm.dll+0x215100]
V  [jvm.dll+0x1a1beb]
V  [jvm.dll+0x225158]
V  [jvm.dll+0x22319c]
V  [jvm.dll+0x77fa62]
V  [jvm.dll+0x7795aa]
V  [jvm.dll+0x667066]
C  [ucrtbase.dll+0x6be1d]
C  [KERNEL32.DLL+0x18102]
C  [ntdll.dll+0x5c264]


siginfo: EXCEPTION_ACCESS_VIOLATION (0xc0000005), reading address 0x0000020000000010


Register to memory mapping:

RIP=0x00007ff92ebb6bcf jvm.dll
RAX=0x000002a31537c1c8 points into unknown readable memory: 0x0000000000000000 | 00 00 00 00 00 00 00 00
RBX=0x000002a31537c160 points into unknown readable memory: 0x00007ff92ee30380 | 80 03 e3 2e f9 7f 00 00
RCX=0x0 is NULL
RDX=0x0000020000000000 is an unknown value
RSP=0x000000c91cefb8b0 is pointing into the stack for thread: 0x000002a37e27ba80
RBP=0x000000c91cefe8f0 is pointing into the stack for thread: 0x000002a37e27ba80
RSI=0x000002a31537bf68 points into unknown readable memory: 0x00007ff92ee30380 | 80 03 e3 2e f9 7f 00 00
RDI=0x0000000000000002 is an unknown value
R8 =0x0 is NULL
R9 =0x000002a31537c1d0 points into unknown readable memory: 0x0000000000000000 | 00 00 00 00 00 00 00 00
R10=0x000002a313d58c70 points into unknown readable memory: 0x000002a31497da78 | 78 da 97 14 a3 02 00 00
R11=0x000002a313d58a70 points into unknown readable memory: 0x000002a311c411b0 | b0 11 c4 11 a3 02 00 00
R12=0x000002a37e27a480 points into unknown readable memory: 0x000002a37e279ee0 | e0 9e 27 7e a3 02 00 00
R13=0x000002a316371d60 points into unknown readable memory: 0x000002a37e1231b0 | b0 31 12 7e a3 02 00 00
R14=0x000000c91cefbfb0 is pointing into the stack for thread: 0x000002a37e27ba80
R15=0x0000000000000001 is an unknown value


Registers:
RAX=0x000002a31537c1c8, RBX=0x000002a31537c160, RCX=0x0000000000000000, RDX=0x0000020000000000
RSP=0x000000c91cefb8b0, RBP=0x000000c91cefe8f0, RSI=0x000002a31537bf68, RDI=0x0000000000000002
R8 =0x0000000000000000, R9 =0x000002a31537c1d0, R10=0x000002a313d58c70, R11=0x000002a313d58a70
R12=0x000002a37e27a480, R13=0x000002a316371d60, R14=0x000000c91cefbfb0, R15=0x0000000000000001
RIP=0x00007ff92ebb6bcf, EFLAGS=0x0000000000010206

Top of Stack: (sp=0x000000c91cefb8b0)
0x000000c91cefb8b0:   000002a311c41220 00007ff92e68d209
0x000000c91cefb8c0:   000002a311c41220 000000c91cefbfb0
0x000000c91cefb8d0:   000002a31537c160 000002a316370970
0x000000c91cefb8e0:   0000000000000002 00007ff92ec03007
0x000000c91cefb8f0:   000002a31537bf68 000000c91cefbfb0
0x000000c91cefb900:   0000000000000001 000002a311c41220
0x000000c91cefb910:   000002a316371d60 000002a316370970
0x000000c91cefb920:   0000000000000002 000002a316371d60
0x000000c91cefb930:   0000000000000002 000002a31537c160
0x000000c91cefb940:   0000000000000002 000000c91cefbfb0
0x000000c91cefb950:   000002a316370970 00007ff92ec02943
0x000000c91cefb960:   000002a3133cfcd8 0000000000000002
0x000000c91cefb970:   000002a31537c160 000002a311c41220
0x000000c91cefb980:   000002a316371d60 000002a316370970
0x000000c91cefb990:   0000000000000201 00000000ffffffff
0x000000c91cefb9a0:   000002a311c41220 000002a316370970 

Instructions: (pc=0x00007ff92ebb6bcf)
0x00007ff92ebb6acf:   8b 48 28 48 8b 01 48 8b 5c 24 58 48 8b 6c 24 60
0x00007ff92ebb6adf:   48 8b 74 24 68 48 83 c4 20 41 5f 41 5e 41 5d 41
0x00007ff92ebb6aef:   5c 5f 48 ff a0 b0 00 00 00 cc cc cc cc cc cc cc
0x00007ff92ebb6aff:   cc 40 53 55 57 48 83 ec 20 8b 41 18 48 8b ea 4c
0x00007ff92ebb6b0f:   89 74 24 48 48 8b d9 45 33 f6 41 8b fe 85 c0 0f
0x00007ff92ebb6b1f:   84 89 00 00 00 44 8b 05 9d ed 4c 00 65 48 8b 04
0x00007ff92ebb6b2f:   25 58 00 00 00 48 89 74 24 40 4c 89 7c 24 50 41
0x00007ff92ebb6b3f:   bf 40 00 00 00 4a 8d 34 c0 0f 1f 84 00 00 00 00
0x00007ff92ebb6b4f:   00 48 8b 43 08 8b cf 4c 8d 0c c8 48 8b 0c c8 48
0x00007ff92ebb6b5f:   85 c9 74 37 4c 8b 41 10 4d 85 c0 74 1d 8b 41 20
0x00007ff92ebb6b6f:   49 8d 14 c0 48 39 5a f8 48 8d 52 f8 75 f6 ff c8
0x00007ff92ebb6b7f:   89 41 20 49 8b 0c c0 48 89 0a 48 8b 06 4d 89 31
0x00007ff92ebb6b8f:   45 38 34 07 75 05 e8 b2 d4 1d 00 8b 43 18 ff c7
0x00007ff92ebb6b9f:   3b f8 72 ad 4c 8b 7c 24 50 48 8b 74 24 40 8b 7b
0x00007ff92ebb6baf:   1c 4c 8b 74 24 48 3b f8 76 4c 0f 1f 80 00 00 00
0x00007ff92ebb6bbf:   00 48 8b 43 08 ff cf 48 8b 14 f8 48 85 d2 74 31
0x00007ff92ebb6bcf:   4c 8b 42 10 4d 85 c0 74 1e 8b 4a 20 49 8d 04 c8
0x00007ff92ebb6bdf:   90 48 39 58 f8 48 8d 40 f8 75 f6 ff c9 89 4a 20
0x00007ff92ebb6bef:   49 8b 14 c8 48 89 10 8b d7 48 8b cb e8 50 f9 ff
0x00007ff92ebb6bff:   ff 3b 7b 18 77 bb 8b 53 28 48 8b cd 48 83 c4 20
0x00007ff92ebb6c0f:   5f 5d 5b e9 e9 90 bd ff cc cc cc cc cc cc cc cc
0x00007ff92ebb6c1f:   cc 48 89 5c 24 10 48 89 6c 24 18 48 89 74 24 20
0x00007ff92ebb6c2f:   57 41 54 41 55 41 56 41 57 48 83 ec 20 44 8b 3d
0x00007ff92ebb6c3f:   7d b6 42 00 49 8b e8 41 c7 40 18 00 00 00 00 48
0x00007ff92ebb6c4f:   8b fa 45 8b 40 08 4c 8b e9 48 8b f2 48 89 54 24
0x00007ff92ebb6c5f:   50 48 8b 4d 10 33 d2 49 c1 e0 03 45 32 e4 e8 40
0x00007ff92ebb6c6f:   e6 1d 00 48 85 f6 0f 84 11 02 00 00 0f 1f 44 00
0x00007ff92ebb6c7f:   00 48 83 7f 10 00 0f 84 01 02 00 00 49 3b fd 75
0x00007ff92ebb6c8f:   1d 83 7d 18 00 0f 84 11 02 00 00 45 84 e4 0f 85
0x00007ff92ebb6c9f:   e9 01 00 00 44 8b 3d 16 b6 42 00 41 b4 01 8b 4f
0x00007ff92ebb6caf:   2c 8b c1 83 e0 0f 3c 09 0f 84 f2 01 00 00 80 f9
0x00007ff92ebb6cbf:   e0 0f 84 e9 01 00 00 48 8b 5f 08 48 8b 1b 48 85 


Stack slot to memory mapping:
stack at sp + 0 slots: 0x000002a311c41220 points into unknown readable memory: 0x00007ff92ee1b930 | 30 b9 e1 2e f9 7f 00 00
stack at sp + 1 slots: 0x00007ff92e68d209 jvm.dll
stack at sp + 2 slots: 0x000002a311c41220 points into unknown readable memory: 0x00007ff92ee1b930 | 30 b9 e1 2e f9 7f 00 00
stack at sp + 3 slots: 0x000000c91cefbfb0 is pointing into the stack for thread: 0x000002a37e27ba80
stack at sp + 4 slots: 0x000002a31537c160 points into unknown readable memory: 0x00007ff92ee30380 | 80 03 e3 2e f9 7f 00 00
stack at sp + 5 slots: 0x000002a316370970 points into unknown readable memory: 0x000002a37e1231b0 | b0 31 12 7e a3 02 00 00
stack at sp + 6 slots: 0x0000000000000002 is an unknown value
stack at sp + 7 slots: 0x00007ff92ec03007 jvm.dll


---------------  P R O C E S S  ---------------

Threads class SMR info:
_java_thread_list=0x000002a30f299e40, length=72, elements={
0x000002a36f183d60, 0x000002a37e260490, 0x000002a37e261350, 0x000002a37e271b30,
0x000002a37e272800, 0x000002a37e276320, 0x000002a37e278d30, 0x000002a37e27ba80,
0x000002a37e28e230, 0x000002a37e2b0bb0, 0x000002a37ed24b20, 0x000002a37ed27050,
0x000002a30ffbbe40, 0x000002a30f7ee060, 0x000002a310c0b0b0, 0x000002a30ffb9f80,
0x000002a3105ef990, 0x000002a310f4d6a0, 0x000002a310f4bc10, 0x000002a310f4c6b0,
0x000002a310f4b6c0, 0x000002a310f4c160, 0x000002a310f4dbf0, 0x000002a310f4e140,
0x000002a310f4e690, 0x000002a310f4cc00, 0x000002a310f4d150, 0x000002a310f4ebe0,
0x000002a3102742e0, 0x000002a31027a280, 0x000002a3102772b0, 0x000002a310274830,
0x000002a310273840, 0x000002a31027a7d0, 0x000002a310277800, 0x000002a310274d80,
0x000002a310278d40, 0x000002a3102752d0, 0x000002a310275d70, 0x000002a31027ad20,
0x000002a3102732f0, 0x000002a310275820, 0x000002a3102762c0, 0x000002a310277d50,
0x000002a310276810, 0x000002a310273d90, 0x000002a3102782a0, 0x000002a310279290,
0x000002a3102797e0, 0x000002a310279d30, 0x000002a30fc38da0, 0x000002a30fc39d90,
0x000002a30fc36dc0, 0x000002a30fc37860, 0x000002a30fc3a830, 0x000002a30fc34de0,
0x000002a30fc3a2e0, 0x000002a30fc3ad80, 0x000002a30fc35330, 0x000002a30fc35dd0,
0x000002a30fc37db0, 0x000002a314d49750, 0x000002a314d486a0, 0x000002a30f418e90,
0x000002a30f419930, 0x000002a30f4183f0, 0x000002a30f3545a0, 0x000002a30f353b00,
0x000002a30f353060, 0x000002a313800060, 0x000002a30f3535b0, 0x000002a30f354050
}

Java Threads: ( => current thread )
  0x000002a36f183d60 JavaThread "main" [_thread_blocked, id=11444, stack(0x000000c91c100000,0x000000c91c200000)]
  0x000002a37e260490 JavaThread "Reference Handler" daemon [_thread_blocked, id=11484, stack(0x000000c91c800000,0x000000c91c900000)]
  0x000002a37e261350 JavaThread "Finalizer" daemon [_thread_blocked, id=11688, stack(0x000000c91c900000,0x000000c91ca00000)]
  0x000002a37e271b30 JavaThread "Signal Dispatcher" daemon [_thread_blocked, id=2056, stack(0x000000c91ca00000,0x000000c91cb00000)]
  0x000002a37e272800 JavaThread "Attach Listener" daemon [_thread_blocked, id=6936, stack(0x000000c91cb00000,0x000000c91cc00000)]
  0x000002a37e276320 JavaThread "Service Thread" daemon [_thread_blocked, id=11700, stack(0x000000c91cc00000,0x000000c91cd00000)]
  0x000002a37e278d30 JavaThread "Monitor Deflation Thread" daemon [_thread_blocked, id=11496, stack(0x000000c91cd00000,0x000000c91ce00000)]
=>0x000002a37e27ba80 JavaThread "C2 CompilerThread0" daemon [_thread_in_native, id=11436, stack(0x000000c91ce00000,0x000000c91cf00000)]
  0x000002a37e28e230 JavaThread "C1 CompilerThread0" daemon [_thread_blocked, id=11704, stack(0x000000c91cf00000,0x000000c91d000000)]
  0x000002a37e2b0bb0 JavaThread "Sweeper thread" daemon [_thread_blocked, id=11656, stack(0x000000c91d000000,0x000000c91d100000)]
  0x000002a37ed24b20 JavaThread "Common-Cleaner" daemon [_thread_blocked, id=5276, stack(0x000000c91d100000,0x000000c91d200000)]
  0x000002a37ed27050 JavaThread "Notification Thread" daemon [_thread_blocked, id=11712, stack(0x000000c91d200000,0x000000c91d300000)]
  0x000002a30ffbbe40 JavaThread "Daemon health stats" [_thread_blocked, id=6692, stack(0x000000c91dc00000,0x000000c91dd00000)]
  0x000002a30f7ee060 JavaThread "Incoming local TCP Connector on port 49988" [_thread_in_native, id=11824, stack(0x000000c91dd00000,0x000000c91de00000)]
  0x000002a310c0b0b0 JavaThread "Daemon periodic checks" [_thread_blocked, id=11900, stack(0x000000c91de00000,0x000000c91df00000)]
  0x000002a30ffb9f80 JavaThread "Daemon" [_thread_blocked, id=11896, stack(0x000000c91df00000,0x000000c91e000000)]
  0x000002a3105ef990 JavaThread "Handler for socket connection from /127.0.0.1:49988 to /127.0.0.1:49989" [_thread_in_native, id=11892, stack(0x000000c91e000000,0x000000c91e100000)]
  0x000002a310f4d6a0 JavaThread "Cancel handler" [_thread_blocked, id=11888, stack(0x000000c91e100000,0x000000c91e200000)]
  0x000002a310f4bc10 JavaThread "Daemon worker" [_thread_blocked, id=11876, stack(0x000000c91e200000,0x000000c91e300000)]
  0x000002a310f4c6b0 JavaThread "Asynchronous log dispatcher for DefaultDaemonConnection: socket connection from /127.0.0.1:49988 to /127.0.0.1:49989" [_thread_blocked, id=11884, stack(0x000000c91e300000,0x000000c91e400000)]
  0x000002a310f4b6c0 JavaThread "Stdin handler" [_thread_blocked, id=11860, stack(0x000000c91e400000,0x000000c91e500000)]
  0x000002a310f4c160 JavaThread "Daemon client event forwarder" [_thread_blocked, id=11856, stack(0x000000c91e500000,0x000000c91e600000)]
  0x000002a310f4dbf0 JavaThread "Cache worker for file hash cache (C:\Users\Kieran\Desktop\caches\7.0.2\fileHashes)" [_thread_blocked, id=11816, stack(0x000000c91e600000,0x000000c91e700000)]
  0x000002a310f4e140 JavaThread "File lock request listener" [_thread_in_native, id=11852, stack(0x000000c91e700000,0x000000c91e800000)]
  0x000002a310f4e690 JavaThread "Cache worker for journal cache (C:\Users\Kieran\Desktop\caches\journal-1)" [_thread_blocked, id=11848, stack(0x000000c91e800000,0x000000c91e900000)]
  0x000002a310f4cc00 JavaThread "Cache worker for file hash cache (C:\Users\Kieran\StudioProjects\Signify\.gradle\7.0.2\fileHashes)" [_thread_blocked, id=11988, stack(0x000000c91e900000,0x000000c91ea00000)]
  0x000002a310f4d150 JavaThread "File watcher server" daemon [_thread_blocked, id=11984, stack(0x000000c91ea00000,0x000000c91eb00000)]
  0x000002a310f4ebe0 JavaThread "File watcher consumer" daemon [_thread_blocked, id=11980, stack(0x000000c91eb00000,0x000000c91ec00000)]
  0x000002a3102742e0 JavaThread "Cache worker for checksums cache (C:\Users\Kieran\StudioProjects\Signify\.gradle\checksums)" [_thread_blocked, id=11968, stack(0x000000c91ec00000,0x000000c91ed00000)]
  0x000002a31027a280 JavaThread "Cache worker for cache directory md-supplier (C:\Users\Kieran\Desktop\caches\7.0.2\md-supplier)" [_thread_blocked, id=11964, stack(0x000000c91ed00000,0x000000c91ee00000)]
  0x000002a3102772b0 JavaThread "Cache worker for cache directory md-rule (C:\Users\Kieran\Desktop\caches\7.0.2\md-rule)" [_thread_blocked, id=11976, stack(0x000000c91ef00000,0x000000c91f000000)]
  0x000002a310274830 JavaThread "Cache worker for execution history cache (C:\Users\Kieran\Desktop\caches\7.0.2\executionHistory)" [_thread_blocked, id=11952, stack(0x000000c91f000000,0x000000c91f100000)]
  0x000002a310273840 JavaThread "jar transforms" [_thread_blocked, id=11936, stack(0x000000c91f400000,0x000000c91f500000)]
  0x000002a31027a7d0 JavaThread "jar transforms Thread 2" [_thread_blocked, id=11956, stack(0x000000c91f500000,0x000000c91f600000)]
  0x000002a310277800 JavaThread "Cache worker for file content cache (C:\Users\Kieran\Desktop\caches\7.0.2\fileContent)" [_thread_blocked, id=11972, stack(0x000000c91f600000,0x000000c91f700000)]
  0x000002a310274d80 JavaThread "Cache worker for dependencies-accessors (C:\Users\Kieran\StudioProjects\Signify\.gradle\7.0.2\dependencies-accessors)" [_thread_blocked, id=11908, stack(0x000000c91f700000,0x000000c91f800000)]
  0x000002a310278d40 JavaThread "jar transforms Thread 3" [_thread_blocked, id=11928, stack(0x000000c91f800000,0x000000c91f900000)]
  0x000002a3102752d0 JavaThread "Cache worker for Build Output Cleanup Cache (C:\Users\Kieran\StudioProjects\Signify\.gradle\buildOutputCleanup)" [_thread_blocked, id=11912, stack(0x000000c91f900000,0x000000c91fa00000)]
  0x000002a310275d70 JavaThread "Build operations" [_thread_blocked, id=8068, stack(0x000000c91fa00000,0x000000c91fb00000)]
  0x000002a31027ad20 JavaThread "Build operations Thread 2" [_thread_blocked, id=4988, stack(0x000000c91fb00000,0x000000c91fc00000)]
  0x000002a3102732f0 JavaThread "Build operations Thread 3" [_thread_blocked, id=12004, stack(0x000000c91fc00000,0x000000c91fd00000)]
  0x000002a310275820 JavaThread "Build operations Thread 4" [_thread_blocked, id=12076, stack(0x000000c91fd00000,0x000000c91fe00000)]
  0x000002a3102762c0 JavaThread "Build operations Thread 5" [_thread_blocked, id=12072, stack(0x000000c91fe00000,0x000000c91ff00000)]
  0x000002a310277d50 JavaThread "Build operations Thread 6" [_thread_blocked, id=12068, stack(0x000000c91ff00000,0x000000c920000000)]
  0x000002a310276810 JavaThread "Build operations Thread 7" [_thread_blocked, id=12056, stack(0x000000c920000000,0x000000c920100000)]
  0x000002a310273d90 JavaThread "Build operations Thread 8" [_thread_blocked, id=12052, stack(0x000000c920100000,0x000000c920200000)]
  0x000002a3102782a0 JavaThread "jar transforms Thread 4" [_thread_blocked, id=12048, stack(0x000000c920200000,0x000000c920300000)]
  0x000002a310279290 JavaThread "jar transforms Thread 5" [_thread_blocked, id=12064, stack(0x000000c920300000,0x000000c920400000)]
  0x000002a3102797e0 JavaThread "jar transforms Thread 6" [_thread_blocked, id=12060, stack(0x000000c920400000,0x000000c920500000)]
  0x000002a310279d30 JavaThread "jar transforms Thread 7" [_thread_blocked, id=12040, stack(0x000000c920500000,0x000000c920600000)]
  0x000002a30fc38da0 JavaThread "jar transforms Thread 8" [_thread_blocked, id=12036, stack(0x000000c920600000,0x000000c920700000)]
  0x000002a30fc39d90 JavaThread "Memory manager" [_thread_blocked, id=12044, stack(0x000000c920900000,0x000000c920a00000)]
  0x000002a30fc36dc0 JavaThread "build event listener" [_thread_blocked, id=12100, stack(0x000000c920c00000,0x000000c920d00000)]
  0x000002a30fc37860 JavaThread "Execution worker for ':'" [_thread_blocked, id=12096, stack(0x000000c920d00000,0x000000c920e00000)]
  0x000002a30fc3a830 JavaThread "Execution worker for ':' Thread 2" [_thread_blocked, id=12108, stack(0x000000c920e00000,0x000000c920f00000)]
  0x000002a30fc34de0 JavaThread "Execution worker for ':' Thread 3" [_thread_blocked, id=12088, stack(0x000000c920f00000,0x000000c921000000)]
  0x000002a30fc3a2e0 JavaThread "Execution worker for ':' Thread 4" [_thread_blocked, id=12184, stack(0x000000c921000000,0x000000c921100000)]
  0x000002a30fc3ad80 JavaThread "Execution worker for ':' Thread 5" [_thread_blocked, id=11812, stack(0x000000c921100000,0x000000c921200000)]
  0x000002a30fc35330 JavaThread "Execution worker for ':' Thread 6" [_thread_blocked, id=11904, stack(0x000000c921200000,0x000000c921300000)]
  0x000002a30fc35dd0 JavaThread "Execution worker for ':' Thread 7" [_thread_in_Java, id=11992, stack(0x000000c921300000,0x000000c921400000)]
  0x000002a30fc37db0 JavaThread "Cache worker for execution history cache (C:\Users\Kieran\StudioProjects\Signify\.gradle\7.0.2\executionHistory)" [_thread_blocked, id=12248, stack(0x000000c921400000,0x000000c921500000)]
  0x000002a314d49750 JavaThread "C2 CompilerThread1" daemon [_thread_in_native, id=11372, stack(0x000000c921a00000,0x000000c921b00000)]
  0x000002a314d486a0 JavaThread "C2 CompilerThread2" daemon [_thread_in_native, id=11376, stack(0x000000c921b00000,0x000000c921c00000)]
  0x000002a30f418e90 JavaThread "WorkerExecutor Queue" [_thread_in_native, id=12276, stack(0x000000c921c00000,0x000000c921d00000)]
  0x000002a30f419930 JavaThread "WorkerExecutor Queue Thread 2" [_thread_in_Java, id=12284, stack(0x000000c921d00000,0x000000c921e00000)]
  0x000002a30f4183f0 JavaThread "WorkerExecutor Queue Thread 3" [_thread_in_vm, id=12268, stack(0x000000c921e00000,0x000000c921f00000)]
  0x000002a30f3545a0 JavaThread "WorkerExecutor Queue Thread 4" [_thread_in_Java, id=11328, stack(0x000000c921f00000,0x000000c922000000)]
  0x000002a30f353b00 JavaThread "WorkerExecutor Queue Thread 5" [_thread_in_native, id=11780, stack(0x000000c922000000,0x000000c922100000)]
  0x000002a30f353060 JavaThread "WorkerExecutor Queue Thread 6" [_thread_in_native, id=11760, stack(0x000000c922100000,0x000000c922200000)]
  0x000002a313800060 JavaThread "WorkerExecutor Queue Thread 7" [_thread_in_Java, id=11324, stack(0x000000c922200000,0x000000c922300000)]
  0x000002a30f3535b0 JavaThread "WorkerExecutor Queue Thread 8" [_thread_blocked, id=11348, stack(0x000000c922300000,0x000000c922400000)]
  0x000002a30f354050 JavaThread "Java2D Disposer" daemon [_thread_blocked, id=11316, stack(0x000000c922400000,0x000000c922500000)]

Other Threads:
  0x000002a37e25c470 VMThread "VM Thread" [stack: 0x000000c91c700000,0x000000c91c800000] [id=11488]
  0x000002a37ed27570 WatcherThread [stack: 0x000000c91d300000,0x000000c91d400000] [id=11428]
  0x000002a36f1c3590 GCTaskThread "GC Thread#0" [stack: 0x000000c91c200000,0x000000c91c300000] [id=11772]
  0x000002a37effe440 GCTaskThread "GC Thread#1" [stack: 0x000000c91d600000,0x000000c91d700000] [id=11804]
  0x000002a37effe750 GCTaskThread "GC Thread#2" [stack: 0x000000c91d700000,0x000000c91d800000] [id=11800]
  0x000002a37effea60 GCTaskThread "GC Thread#3" [stack: 0x000000c91d800000,0x000000c91d900000] [id=11796]
  0x000002a30f395570 GCTaskThread "GC Thread#4" [stack: 0x000000c91d900000,0x000000c91da00000] [id=11792]
  0x000002a37f7492c0 GCTaskThread "GC Thread#5" [stack: 0x000000c91da00000,0x000000c91db00000] [id=11788]
  0x000002a310cb0270 GCTaskThread "GC Thread#6" [stack: 0x000000c91f100000,0x000000c91f200000] [id=11948]
  0x000002a310cb0890 GCTaskThread "GC Thread#7" [stack: 0x000000c91f200000,0x000000c91f300000] [id=11944]
  0x000002a36f1d59e0 ConcurrentGCThread "G1 Main Marker" [stack: 0x000000c91c300000,0x000000c91c400000] [id=11448]
  0x000002a36f1d6450 ConcurrentGCThread "G1 Conc#0" [stack: 0x000000c91c400000,0x000000c91c500000] [id=11776]
  0x000002a310cb0ba0 ConcurrentGCThread "G1 Conc#1" [stack: 0x000000c91f300000,0x000000c91f400000] [id=11940]
  0x000002a36f26cb80 ConcurrentGCThread "G1 Refine#0" [stack: 0x000000c91c500000,0x000000c91c600000] [id=11468]
  0x000002a30f2f43e0 ConcurrentGCThread "G1 Refine#1" [stack: 0x000000c91db00000,0x000000c91dc00000] [id=6492]
  0x000002a36f26da10 ConcurrentGCThread "G1 Service" [stack: 0x000000c91c600000,0x000000c91c700000] [id=9232]

Threads with active compile tasks:
C2 CompilerThread0    28288 9941   !   4       java.io.ObjectOutputStream::writeObject0 (620 bytes)
C2 CompilerThread1    28289 10129 % !   4       com.android.ide.common.resources.DataMerger::mergeData @ 247 (611 bytes)
C2 CompilerThread2    28289 10186 %     4       com.sun.imageio.plugins.png.PNGImageWriter::encodePass @ 790 (1064 bytes)

VM state: not at safepoint (normal execution)

VM Mutex/Monitor currently owned by a thread: None

Heap address: 0x0000000080000000, size: 2048 MB, Compressed Oops mode: 32-bit

CDS archive(s) mapped at: [0x0000000800000000-0x0000000800bb0000-0x0000000800bb0000), size 12255232, SharedBaseAddress: 0x0000000800000000, ArchiveRelocationMode: 0.
Compressed class space mapped at: 0x0000000800c00000-0x0000000840c00000, reserved size: 1073741824
Narrow klass base: 0x0000000800000000, Narrow klass shift: 3, Narrow klass range: 0x100000000

GC Precious Log:
 CPUs: 8 total, 8 available
 Memory: 16267M
 Large Page Support: Disabled
 NUMA Support: Disabled
 Compressed Oops: Enabled (32-bit)
 Heap Region Size: 1M
 Heap Min Capacity: 8M
 Heap Initial Capacity: 256M
 Heap Max Capacity: 2G
 Pre-touch: Disabled
 Parallel Workers: 8
 Concurrent Workers: 2
 Concurrent Refinement Workers: 8
 Periodic GC: Disabled

Heap:
 garbage-first heap   total 188416K, used 115496K [0x0000000080000000, 0x0000000100000000)
  region size 1024K, 13 young (13312K), 5 survivors (5120K)
 Metaspace       used 74078K, committed 74688K, reserved 1114112K
  class space    used 9793K, committed 10112K, reserved 1048576K

Heap Regions: E=young(eden), S=young(survivor), O=old, HS=humongous(starts), HC=humongous(continues), CS=collection set, F=free, OA=open archive, CA=closed archive, TAMS=top-at-mark-start (previous, next)
|   0|0x0000000080000000, 0x0000000080100000, 0x0000000080100000|100%| O|  |TAMS 0x0000000080100000, 0x0000000080100000| Untracked 
|   1|0x0000000080100000, 0x0000000080200000, 0x0000000080200000|100%| O|  |TAMS 0x0000000080200000, 0x0000000080200000| Untracked 
|   2|0x0000000080200000, 0x0000000080300000, 0x0000000080300000|100%| O|  |TAMS 0x0000000080300000, 0x0000000080300000| Untracked 
|   3|0x0000000080300000, 0x0000000080400000, 0x0000000080400000|100%|HS|  |TAMS 0x0000000080400000, 0x0000000080400000| Complete 
|   4|0x0000000080400000, 0x0000000080500000, 0x0000000080500000|100%|HC|  |TAMS 0x0000000080500000, 0x0000000080500000| Complete 
|   5|0x0000000080500000, 0x0000000080600000, 0x0000000080600000|100%|HC|  |TAMS 0x0000000080600000, 0x0000000080600000| Complete 
|   6|0x0000000080600000, 0x0000000080700000, 0x0000000080700000|100%| O|  |TAMS 0x0000000080700000, 0x0000000080700000| Untracked 
|   7|0x0000000080700000, 0x0000000080800000, 0x0000000080800000|100%| O|  |TAMS 0x0000000080800000, 0x0000000080800000| Untracked 
|   8|0x0000000080800000, 0x0000000080900000, 0x0000000080900000|100%| O|  |TAMS 0x0000000080900000, 0x0000000080900000| Untracked 
|   9|0x0000000080900000, 0x0000000080929a00, 0x0000000080a00000| 16%| O|  |TAMS 0x0000000080929a00, 0x0000000080929a00| Untracked 
|  10|0x0000000080a00000, 0x0000000080b00000, 0x0000000080b00000|100%| O|  |TAMS 0x0000000080b00000, 0x0000000080b00000| Untracked 
|  11|0x0000000080b00000, 0x0000000080c00000, 0x0000000080c00000|100%| O|  |TAMS 0x0000000080c00000, 0x0000000080c00000| Untracked 
|  12|0x0000000080c00000, 0x0000000080d00000, 0x0000000080d00000|100%| O|  |TAMS 0x0000000080d00000, 0x0000000080d00000| Untracked 
|  13|0x0000000080d00000, 0x0000000080e00000, 0x0000000080e00000|100%| O|  |TAMS 0x0000000080e00000, 0x0000000080e00000| Untracked 
|  14|0x0000000080e00000, 0x0000000080f00000, 0x0000000080f00000|100%| O|  |TAMS 0x0000000080f00000, 0x0000000080f00000| Untracked 
|  15|0x0000000080f00000, 0x0000000081000000, 0x0000000081000000|100%| O|  |TAMS 0x0000000081000000, 0x0000000081000000| Untracked 
|  16|0x0000000081000000, 0x0000000081100000, 0x0000000081100000|100%| O|  |TAMS 0x0000000081100000, 0x0000000081100000| Untracked 
|  17|0x0000000081100000, 0x0000000081200000, 0x0000000081200000|100%| O|  |TAMS 0x0000000081200000, 0x0000000081200000| Untracked 
|  18|0x0000000081200000, 0x0000000081300000, 0x0000000081300000|100%| O|  |TAMS 0x0000000081300000, 0x0000000081300000| Untracked 
|  19|0x0000000081300000, 0x0000000081400000, 0x0000000081400000|100%| O|  |TAMS 0x0000000081400000, 0x0000000081400000| Untracked 
|  20|0x0000000081400000, 0x0000000081500000, 0x0000000081500000|100%| O|  |TAMS 0x0000000081500000, 0x0000000081500000| Untracked 
|  21|0x0000000081500000, 0x0000000081600000, 0x0000000081600000|100%| O|  |TAMS 0x0000000081600000, 0x0000000081600000| Untracked 
|  22|0x0000000081600000, 0x0000000081700000, 0x0000000081700000|100%| O|  |TAMS 0x0000000081700000, 0x0000000081700000| Untracked 
|  23|0x0000000081700000, 0x0000000081800000, 0x0000000081800000|100%| O|  |TAMS 0x0000000081800000, 0x0000000081800000| Untracked 
|  24|0x0000000081800000, 0x0000000081900000, 0x0000000081900000|100%| O|  |TAMS 0x0000000081900000, 0x0000000081900000| Untracked 
|  25|0x0000000081900000, 0x0000000081a00000, 0x0000000081a00000|100%| O|  |TAMS 0x0000000081a00000, 0x0000000081a00000| Untracked 
|  26|0x0000000081a00000, 0x0000000081b00000, 0x0000000081b00000|100%|HS|  |TAMS 0x0000000081b00000, 0x0000000081b00000| Complete 
|  27|0x0000000081b00000, 0x0000000081c00000, 0x0000000081c00000|100%|HS|  |TAMS 0x0000000081c00000, 0x0000000081c00000| Complete 
|  28|0x0000000081c00000, 0x0000000081d00000, 0x0000000081d00000|100%|HS|  |TAMS 0x0000000081d00000, 0x0000000081d00000| Complete 
|  29|0x0000000081d00000, 0x0000000081e00000, 0x0000000081e00000|100%|HC|  |TAMS 0x0000000081e00000, 0x0000000081e00000| Complete 
|  30|0x0000000081e00000, 0x0000000081f00000, 0x0000000081f00000|100%| O|  |TAMS 0x0000000081f00000, 0x0000000081f00000| Untracked 
|  31|0x0000000081f00000, 0x0000000082000000, 0x0000000082000000|100%| O|  |TAMS 0x0000000082000000, 0x0000000082000000| Untracked 
|  32|0x0000000082000000, 0x0000000082100000, 0x0000000082100000|100%| O|  |TAMS 0x0000000082100000, 0x0000000082100000| Untracked 
|  33|0x0000000082100000, 0x0000000082200000, 0x0000000082200000|100%| O|  |TAMS 0x0000000082200000, 0x0000000082200000| Untracked 
|  34|0x0000000082200000, 0x0000000082300000, 0x0000000082300000|100%| O|  |TAMS 0x0000000082300000, 0x0000000082300000| Untracked 
|  35|0x0000000082300000, 0x0000000082400000, 0x0000000082400000|100%| O|  |TAMS 0x0000000082400000, 0x0000000082400000| Untracked 
|  36|0x0000000082400000, 0x0000000082500000, 0x0000000082500000|100%| O|  |TAMS 0x0000000082500000, 0x0000000082500000| Untracked 
|  37|0x0000000082500000, 0x0000000082600000, 0x0000000082600000|100%| O|  |TAMS 0x0000000082600000, 0x0000000082600000| Untracked 
|  38|0x0000000082600000, 0x0000000082700000, 0x0000000082700000|100%| O|  |TAMS 0x0000000082700000, 0x0000000082700000| Untracked 
|  39|0x0000000082700000, 0x0000000082800000, 0x0000000082800000|100%| O|  |TAMS 0x0000000082800000, 0x0000000082800000| Untracked 
|  40|0x0000000082800000, 0x0000000082900000, 0x0000000082900000|100%| O|  |TAMS 0x0000000082900000, 0x0000000082900000| Untracked 
|  41|0x0000000082900000, 0x0000000082a00000, 0x0000000082a00000|100%| O|  |TAMS 0x0000000082a00000, 0x0000000082a00000| Untracked 
|  42|0x0000000082a00000, 0x0000000082b00000, 0x0000000082b00000|100%| O|  |TAMS 0x0000000082b00000, 0x0000000082b00000| Untracked 
|  43|0x0000000082b00000, 0x0000000082c00000, 0x0000000082c00000|100%| O|  |TAMS 0x0000000082c00000, 0x0000000082c00000| Untracked 
|  44|0x0000000082c00000, 0x0000000082d00000, 0x0000000082d00000|100%| O|  |TAMS 0x0000000082d00000, 0x0000000082d00000| Untracked 
|  45|0x0000000082d00000, 0x0000000082e00000, 0x0000000082e00000|100%| O|  |TAMS 0x0000000082e00000, 0x0000000082e00000| Untracked 
|  46|0x0000000082e00000, 0x0000000082f00000, 0x0000000082f00000|100%| O|  |TAMS 0x0000000082f00000, 0x0000000082f00000| Untracked 
|  47|0x0000000082f00000, 0x0000000083000000, 0x0000000083000000|100%| O|  |TAMS 0x0000000083000000, 0x0000000083000000| Untracked 
|  48|0x0000000083000000, 0x0000000083100000, 0x0000000083100000|100%| O|  |TAMS 0x0000000083100000, 0x0000000083100000| Untracked 
|  49|0x0000000083100000, 0x0000000083200000, 0x0000000083200000|100%| O|  |TAMS 0x0000000083200000, 0x0000000083200000| Untracked 
|  50|0x0000000083200000, 0x0000000083300000, 0x0000000083300000|100%| O|  |TAMS 0x0000000083300000, 0x0000000083300000| Untracked 
|  51|0x0000000083300000, 0x0000000083400000, 0x0000000083400000|100%| O|  |TAMS 0x0000000083400000, 0x0000000083400000| Untracked 
|  52|0x0000000083400000, 0x0000000083500000, 0x0000000083500000|100%| O|  |TAMS 0x0000000083500000, 0x0000000083500000| Untracked 
|  53|0x0000000083500000, 0x0000000083600000, 0x0000000083600000|100%| O|  |TAMS 0x0000000083600000, 0x0000000083600000| Untracked 
|  54|0x0000000083600000, 0x0000000083700000, 0x0000000083700000|100%| O|  |TAMS 0x0000000083700000, 0x0000000083700000| Untracked 
|  55|0x0000000083700000, 0x0000000083800000, 0x0000000083800000|100%| O|  |TAMS 0x0000000083800000, 0x0000000083800000| Untracked 
|  56|0x0000000083800000, 0x0000000083900000, 0x0000000083900000|100%| O|  |TAMS 0x0000000083900000, 0x0000000083900000| Untracked 
|  57|0x0000000083900000, 0x0000000083a00000, 0x0000000083a00000|100%| O|  |TAMS 0x0000000083a00000, 0x0000000083a00000| Untracked 
|  58|0x0000000083a00000, 0x0000000083b00000, 0x0000000083b00000|100%| O|  |TAMS 0x0000000083b00000, 0x0000000083b00000| Untracked 
|  59|0x0000000083b00000, 0x0000000083c00000, 0x0000000083c00000|100%| O|  |TAMS 0x0000000083c00000, 0x0000000083c00000| Untracked 
|  60|0x0000000083c00000, 0x0000000083d00000, 0x0000000083d00000|100%| O|  |TAMS 0x0000000083d00000, 0x0000000083d00000| Untracked 
|  61|0x0000000083d00000, 0x0000000083e00000, 0x0000000083e00000|100%| O|  |TAMS 0x0000000083e00000, 0x0000000083e00000| Untracked 
|  62|0x0000000083e00000, 0x0000000083f00000, 0x0000000083f00000|100%| O|  |TAMS 0x0000000083f00000, 0x0000000083f00000| Untracked 
|  63|0x0000000083f00000, 0x0000000084000000, 0x0000000084000000|100%| O|  |TAMS 0x0000000084000000, 0x0000000084000000| Untracked 
|  64|0x0000000084000000, 0x0000000084100000, 0x0000000084100000|100%| O|  |TAMS 0x0000000084100000, 0x0000000084100000| Untracked 
|  65|0x0000000084100000, 0x0000000084200000, 0x0000000084200000|100%| O|  |TAMS 0x0000000084200000, 0x0000000084200000| Untracked 
|  66|0x0000000084200000, 0x0000000084300000, 0x0000000084300000|100%| O|  |TAMS 0x0000000084300000, 0x0000000084300000| Untracked 
|  67|0x0000000084300000, 0x0000000084400000, 0x0000000084400000|100%| O|  |TAMS 0x0000000084400000, 0x0000000084400000| Untracked 
|  68|0x0000000084400000, 0x0000000084500000, 0x0000000084500000|100%| O|  |TAMS 0x0000000084500000, 0x0000000084500000| Untracked 
|  69|0x0000000084500000, 0x0000000084600000, 0x0000000084600000|100%| O|  |TAMS 0x0000000084600000, 0x0000000084600000| Untracked 
|  70|0x0000000084600000, 0x0000000084700000, 0x0000000084700000|100%| O|  |TAMS 0x0000000084700000, 0x0000000084700000| Untracked 
|  71|0x0000000084700000, 0x0000000084800000, 0x0000000084800000|100%|HS|  |TAMS 0x0000000084800000, 0x0000000084800000| Complete 
|  72|0x0000000084800000, 0x0000000084900000, 0x0000000084900000|100%| O|  |TAMS 0x0000000084900000, 0x0000000084900000| Untracked 
|  73|0x0000000084900000, 0x0000000084a00000, 0x0000000084a00000|100%| O|  |TAMS 0x0000000084a00000, 0x0000000084a00000| Untracked 
|  74|0x0000000084a00000, 0x0000000084b00000, 0x0000000084b00000|100%| O|  |TAMS 0x0000000084b00000, 0x0000000084b00000| Untracked 
|  75|0x0000000084b00000, 0x0000000084c00000, 0x0000000084c00000|100%| O|  |TAMS 0x0000000084c00000, 0x0000000084c00000| Untracked 
|  76|0x0000000084c00000, 0x0000000084d00000, 0x0000000084d00000|100%| O|  |TAMS 0x0000000084d00000, 0x0000000084d00000| Untracked 
|  77|0x0000000084d00000, 0x0000000084e00000, 0x0000000084e00000|100%| O|  |TAMS 0x0000000084e00000, 0x0000000084e00000| Untracked 
|  78|0x0000000084e00000, 0x0000000084f00000, 0x0000000084f00000|100%| O|  |TAMS 0x0000000084f00000, 0x0000000084f00000| Untracked 
|  79|0x0000000084f00000, 0x0000000085000000, 0x0000000085000000|100%| O|  |TAMS 0x0000000085000000, 0x0000000085000000| Untracked 
|  80|0x0000000085000000, 0x0000000085100000, 0x0000000085100000|100%| O|  |TAMS 0x0000000085100000, 0x0000000085100000| Untracked 
|  81|0x0000000085100000, 0x0000000085200000, 0x0000000085200000|100%| O|  |TAMS 0x0000000085200000, 0x0000000085200000| Untracked 
|  82|0x0000000085200000, 0x0000000085300000, 0x0000000085300000|100%| O|  |TAMS 0x0000000085300000, 0x0000000085300000| Untracked 
|  83|0x0000000085300000, 0x0000000085400000, 0x0000000085400000|100%| O|  |TAMS 0x0000000085400000, 0x0000000085400000| Untracked 
|  84|0x0000000085400000, 0x0000000085500000, 0x0000000085500000|100%|HS|  |TAMS 0x0000000085500000, 0x0000000085500000| Complete 
|  85|0x0000000085500000, 0x0000000085600000, 0x0000000085600000|100%|HC|  |TAMS 0x0000000085600000, 0x0000000085600000| Complete 
|  86|0x0000000085600000, 0x0000000085700000, 0x0000000085700000|100%|HC|  |TAMS 0x0000000085700000, 0x0000000085700000| Complete 
|  87|0x0000000085700000, 0x0000000085800000, 0x0000000085800000|100%|HC|  |TAMS 0x0000000085800000, 0x0000000085800000| Complete 
|  88|0x0000000085800000, 0x0000000085900000, 0x0000000085900000|100%|HS|  |TAMS 0x0000000085900000, 0x0000000085900000| Complete 
|  89|0x0000000085900000, 0x0000000085a00000, 0x0000000085a00000|100%|HC|  |TAMS 0x0000000085a00000, 0x0000000085a00000| Complete 
|  90|0x0000000085a00000, 0x0000000085b00000, 0x0000000085b00000|100%|HC|  |TAMS 0x0000000085b00000, 0x0000000085b00000| Complete 
|  91|0x0000000085b00000, 0x0000000085c00000, 0x0000000085c00000|100%|HC|  |TAMS 0x0000000085c00000, 0x0000000085c00000| Complete 
|  92|0x0000000085c00000, 0x0000000085d00000, 0x0000000085d00000|100%|HS|  |TAMS 0x0000000085d00000, 0x0000000085d00000| Complete 
|  93|0x0000000085d00000, 0x0000000085e00000, 0x0000000085e00000|100%|HC|  |TAMS 0x0000000085e00000, 0x0000000085e00000| Complete 
|  94|0x0000000085e00000, 0x0000000085f00000, 0x0000000085f00000|100%|HC|  |TAMS 0x0000000085f00000, 0x0000000085f00000| Complete 
|  95|0x0000000085f00000, 0x0000000086000000, 0x0000000086000000|100%|HC|  |TAMS 0x0000000086000000, 0x0000000086000000| Complete 
|  96|0x0000000086000000, 0x0000000086100000, 0x0000000086100000|100%| O|  |TAMS 0x0000000086000000, 0x0000000086100000| Untracked 
|  97|0x0000000086100000, 0x0000000086200000, 0x0000000086200000|100%| O|  |TAMS 0x0000000086100000, 0x00000000861f5000| Untracked 
|  98|0x0000000086200000, 0x0000000086300000, 0x0000000086300000|100%|HS|  |TAMS 0x0000000086200000, 0x0000000086300000| Complete 
|  99|0x0000000086300000, 0x0000000086400000, 0x0000000086400000|100%|HC|  |TAMS 0x0000000086300000, 0x0000000086400000| Complete 
| 100|0x0000000086400000, 0x00000000864f2e00, 0x0000000086500000| 94%| O|  |TAMS 0x0000000086400000, 0x0000000086400000| Untracked 
| 101|0x0000000086500000, 0x0000000086600000, 0x0000000086600000|100%|HS|  |TAMS 0x0000000086500000, 0x0000000086500000| Complete 
| 102|0x0000000086600000, 0x0000000086600000, 0x0000000086700000|  0%| F|  |TAMS 0x0000000086600000, 0x0000000086600000| Untracked 
| 103|0x0000000086700000, 0x0000000086700000, 0x0000000086800000|  0%| F|  |TAMS 0x0000000086700000, 0x0000000086700000| Untracked 
| 104|0x0000000086800000, 0x0000000086800000, 0x0000000086900000|  0%| F|  |TAMS 0x0000000086800000, 0x0000000086800000| Untracked 
| 105|0x0000000086900000, 0x0000000086900000, 0x0000000086a00000|  0%| F|  |TAMS 0x0000000086900000, 0x0000000086900000| Untracked 
| 106|0x0000000086a00000, 0x0000000086a00000, 0x0000000086b00000|  0%| F|  |TAMS 0x0000000086a00000, 0x0000000086a00000| Untracked 
| 107|0x0000000086b00000, 0x0000000086b00000, 0x0000000086c00000|  0%| F|  |TAMS 0x0000000086b00000, 0x0000000086b00000| Untracked 
| 108|0x0000000086c00000, 0x0000000086c00000, 0x0000000086d00000|  0%| F|  |TAMS 0x0000000086c00000, 0x0000000086c00000| Untracked 
| 109|0x0000000086d00000, 0x0000000086d00000, 0x0000000086e00000|  0%| F|  |TAMS 0x0000000086d00000, 0x0000000086d00000| Untracked 
| 110|0x0000000086e00000, 0x0000000086e00000, 0x0000000086f00000|  0%| F|  |TAMS 0x0000000086e00000, 0x0000000086e00000| Untracked 
| 111|0x0000000086f00000, 0x0000000086f00000, 0x0000000087000000|  0%| F|  |TAMS 0x0000000086f00000, 0x0000000086f00000| Untracked 
| 112|0x0000000087000000, 0x0000000087000000, 0x0000000087100000|  0%| F|  |TAMS 0x0000000087000000, 0x0000000087000000| Untracked 
| 113|0x0000000087100000, 0x0000000087100000, 0x0000000087200000|  0%| F|  |TAMS 0x0000000087100000, 0x0000000087100000| Untracked 
| 114|0x0000000087200000, 0x0000000087200000, 0x0000000087300000|  0%| F|  |TAMS 0x0000000087200000, 0x0000000087200000| Untracked 
| 115|0x0000000087300000, 0x0000000087300000, 0x0000000087400000|  0%| F|  |TAMS 0x0000000087300000, 0x0000000087300000| Untracked 
| 116|0x0000000087400000, 0x0000000087400000, 0x0000000087500000|  0%| F|  |TAMS 0x0000000087400000, 0x0000000087400000| Untracked 
| 117|0x0000000087500000, 0x0000000087500000, 0x0000000087600000|  0%| F|  |TAMS 0x0000000087500000, 0x0000000087500000| Untracked 
| 118|0x0000000087600000, 0x0000000087600000, 0x0000000087700000|  0%| F|  |TAMS 0x0000000087600000, 0x0000000087600000| Untracked 
| 119|0x0000000087700000, 0x0000000087700000, 0x0000000087800000|  0%| F|  |TAMS 0x0000000087700000, 0x0000000087700000| Untracked 
| 120|0x0000000087800000, 0x0000000087800000, 0x0000000087900000|  0%| F|  |TAMS 0x0000000087800000, 0x0000000087800000| Untracked 
| 121|0x0000000087900000, 0x0000000087900000, 0x0000000087a00000|  0%| F|  |TAMS 0x0000000087900000, 0x0000000087900000| Untracked 
| 122|0x0000000087a00000, 0x0000000087a00000, 0x0000000087b00000|  0%| F|  |TAMS 0x0000000087a00000, 0x0000000087a00000| Untracked 
| 123|0x0000000087b00000, 0x0000000087b00000, 0x0000000087c00000|  0%| F|  |TAMS 0x0000000087b00000, 0x0000000087b00000| Untracked 
| 124|0x0000000087c00000, 0x0000000087c00000, 0x0000000087d00000|  0%| F|  |TAMS 0x0000000087c00000, 0x0000000087c00000| Untracked 
| 125|0x0000000087d00000, 0x0000000087d00000, 0x0000000087e00000|  0%| F|  |TAMS 0x0000000087d00000, 0x0000000087d00000| Untracked 
| 126|0x0000000087e00000, 0x0000000087e00000, 0x0000000087f00000|  0%| F|  |TAMS 0x0000000087e00000, 0x0000000087e00000| Untracked 
| 127|0x0000000087f00000, 0x0000000087f00000, 0x0000000088000000|  0%| F|  |TAMS 0x0000000087f00000, 0x0000000087f00000| Untracked 
| 128|0x0000000088000000, 0x0000000088000000, 0x0000000088100000|  0%| F|  |TAMS 0x0000000088000000, 0x0000000088000000| Untracked 
| 129|0x0000000088100000, 0x0000000088100000, 0x0000000088200000|  0%| F|  |TAMS 0x0000000088100000, 0x0000000088100000| Untracked 
| 130|0x0000000088200000, 0x0000000088200000, 0x0000000088300000|  0%| F|  |TAMS 0x0000000088200000, 0x0000000088200000| Untracked 
| 131|0x0000000088300000, 0x0000000088300000, 0x0000000088400000|  0%| F|  |TAMS 0x0000000088300000, 0x0000000088300000| Untracked 
| 132|0x0000000088400000, 0x0000000088400000, 0x0000000088500000|  0%| F|  |TAMS 0x0000000088400000, 0x0000000088400000| Untracked 
| 133|0x0000000088500000, 0x0000000088500000, 0x0000000088600000|  0%| F|  |TAMS 0x0000000088500000, 0x0000000088500000| Untracked 
| 134|0x0000000088600000, 0x0000000088600000, 0x0000000088700000|  0%| F|  |TAMS 0x0000000088600000, 0x0000000088600000| Untracked 
| 135|0x0000000088700000, 0x0000000088700000, 0x0000000088800000|  0%| F|  |TAMS 0x0000000088700000, 0x0000000088700000| Untracked 
| 136|0x0000000088800000, 0x0000000088800000, 0x0000000088900000|  0%| F|  |TAMS 0x0000000088800000, 0x0000000088800000| Untracked 
| 137|0x0000000088900000, 0x0000000088900000, 0x0000000088a00000|  0%| F|  |TAMS 0x0000000088900000, 0x0000000088900000| Untracked 
| 138|0x0000000088a00000, 0x0000000088a00000, 0x0000000088b00000|  0%| F|  |TAMS 0x0000000088a00000, 0x0000000088a00000| Untracked 
| 139|0x0000000088b00000, 0x0000000088b00000, 0x0000000088c00000|  0%| F|  |TAMS 0x0000000088b00000, 0x0000000088b00000| Untracked 
| 140|0x0000000088c00000, 0x0000000088c00000, 0x0000000088d00000|  0%| F|  |TAMS 0x0000000088c00000, 0x0000000088c00000| Untracked 
| 141|0x0000000088d00000, 0x0000000088d00000, 0x0000000088e00000|  0%| F|  |TAMS 0x0000000088d00000, 0x0000000088d00000| Untracked 
| 142|0x0000000088e00000, 0x0000000088e00000, 0x0000000088f00000|  0%| F|  |TAMS 0x0000000088e00000, 0x0000000088e00000| Untracked 
| 143|0x0000000088f00000, 0x0000000088f00000, 0x0000000089000000|  0%| F|  |TAMS 0x0000000088f00000, 0x0000000088f00000| Untracked 
| 144|0x0000000089000000, 0x0000000089000000, 0x0000000089100000|  0%| F|  |TAMS 0x0000000089000000, 0x0000000089000000| Untracked 
| 145|0x0000000089100000, 0x0000000089100000, 0x0000000089200000|  0%| F|  |TAMS 0x0000000089100000, 0x0000000089100000| Untracked 
| 146|0x0000000089200000, 0x0000000089200000, 0x0000000089300000|  0%| F|  |TAMS 0x0000000089200000, 0x0000000089200000| Untracked 
| 147|0x0000000089300000, 0x0000000089300000, 0x0000000089400000|  0%| F|  |TAMS 0x0000000089300000, 0x0000000089300000| Untracked 
| 148|0x0000000089400000, 0x0000000089400000, 0x0000000089500000|  0%| F|  |TAMS 0x0000000089400000, 0x0000000089400000| Untracked 
| 149|0x0000000089500000, 0x0000000089500000, 0x0000000089600000|  0%| F|  |TAMS 0x0000000089500000, 0x0000000089500000| Untracked 
| 150|0x0000000089600000, 0x0000000089600000, 0x0000000089700000|  0%| F|  |TAMS 0x0000000089600000, 0x0000000089600000| Untracked 
| 151|0x0000000089700000, 0x0000000089700000, 0x0000000089800000|  0%| F|  |TAMS 0x0000000089700000, 0x0000000089700000| Untracked 
| 152|0x0000000089800000, 0x0000000089800000, 0x0000000089900000|  0%| F|  |TAMS 0x0000000089800000, 0x0000000089800000| Untracked 
| 153|0x0000000089900000, 0x0000000089900000, 0x0000000089a00000|  0%| F|  |TAMS 0x0000000089900000, 0x0000000089900000| Untracked 
| 154|0x0000000089a00000, 0x0000000089aad860, 0x0000000089b00000| 67%| S|CS|TAMS 0x0000000089a00000, 0x0000000089a00000| Complete 
| 155|0x0000000089b00000, 0x0000000089c00000, 0x0000000089c00000|100%| S|CS|TAMS 0x0000000089b00000, 0x0000000089b00000| Complete 
| 156|0x0000000089c00000, 0x0000000089d00000, 0x0000000089d00000|100%| S|CS|TAMS 0x0000000089c00000, 0x0000000089c00000| Complete 
| 157|0x0000000089d00000, 0x0000000089e00000, 0x0000000089e00000|100%| S|CS|TAMS 0x0000000089d00000, 0x0000000089d00000| Complete 
| 158|0x0000000089e00000, 0x0000000089f00000, 0x0000000089f00000|100%| S|CS|TAMS 0x0000000089e00000, 0x0000000089e00000| Complete 
| 159|0x0000000089f00000, 0x0000000089f00000, 0x000000008a000000|  0%| F|  |TAMS 0x0000000089f00000, 0x0000000089f00000| Untracked 
| 160|0x000000008a000000, 0x000000008a000000, 0x000000008a100000|  0%| F|  |TAMS 0x000000008a000000, 0x000000008a000000| Untracked 
| 161|0x000000008a100000, 0x000000008a100000, 0x000000008a200000|  0%| F|  |TAMS 0x000000008a100000, 0x000000008a100000| Untracked 
| 162|0x000000008a200000, 0x000000008a200000, 0x000000008a300000|  0%| F|  |TAMS 0x000000008a200000, 0x000000008a200000| Untracked 
| 163|0x000000008a300000, 0x000000008a300000, 0x000000008a400000|  0%| F|  |TAMS 0x000000008a300000, 0x000000008a300000| Untracked 
| 164|0x000000008a400000, 0x000000008a400000, 0x000000008a500000|  0%| F|  |TAMS 0x000000008a400000, 0x000000008a400000| Untracked 
| 165|0x000000008a500000, 0x000000008a500000, 0x000000008a600000|  0%| F|  |TAMS 0x000000008a500000, 0x000000008a500000| Untracked 
| 166|0x000000008a600000, 0x000000008a600000, 0x000000008a700000|  0%| F|  |TAMS 0x000000008a600000, 0x000000008a600000| Untracked 
| 167|0x000000008a700000, 0x000000008a700000, 0x000000008a800000|  0%| F|  |TAMS 0x000000008a700000, 0x000000008a700000| Untracked 
| 168|0x000000008a800000, 0x000000008a800000, 0x000000008a900000|  0%| F|  |TAMS 0x000000008a800000, 0x000000008a800000| Untracked 
| 169|0x000000008a900000, 0x000000008a900000, 0x000000008aa00000|  0%| F|  |TAMS 0x000000008a900000, 0x000000008a900000| Untracked 
| 170|0x000000008aa00000, 0x000000008aa00000, 0x000000008ab00000|  0%| F|  |TAMS 0x000000008aa00000, 0x000000008aa00000| Untracked 
| 171|0x000000008ab00000, 0x000000008ab00000, 0x000000008ac00000|  0%| F|  |TAMS 0x000000008ab00000, 0x000000008ab00000| Untracked 
| 172|0x000000008ac00000, 0x000000008ac00000, 0x000000008ad00000|  0%| F|  |TAMS 0x000000008ac00000, 0x000000008ac00000| Untracked 
| 173|0x000000008ad00000, 0x000000008ad00000, 0x000000008ae00000|  0%| F|  |TAMS 0x000000008ad00000, 0x000000008ad00000| Untracked 
| 174|0x000000008ae00000, 0x000000008ae00000, 0x000000008af00000|  0%| F|  |TAMS 0x000000008ae00000, 0x000000008ae00000| Untracked 
| 175|0x000000008af00000, 0x000000008af00000, 0x000000008b000000|  0%| F|  |TAMS 0x000000008af00000, 0x000000008af00000| Untracked 
| 176|0x000000008b000000, 0x000000008b100000, 0x000000008b100000|100%| E|  |TAMS 0x000000008b000000, 0x000000008b000000| Complete 
| 177|0x000000008b100000, 0x000000008b200000, 0x000000008b200000|100%| E|CS|TAMS 0x000000008b100000, 0x000000008b100000| Complete 
| 178|0x000000008b200000, 0x000000008b300000, 0x000000008b300000|100%| E|CS|TAMS 0x000000008b200000, 0x000000008b200000| Complete 
| 179|0x000000008b300000, 0x000000008b400000, 0x000000008b400000|100%| E|CS|TAMS 0x000000008b300000, 0x000000008b300000| Complete 
| 180|0x000000008b400000, 0x000000008b500000, 0x000000008b500000|100%| E|CS|TAMS 0x000000008b400000, 0x000000008b400000| Complete 
| 181|0x000000008b500000, 0x000000008b600000, 0x000000008b600000|100%| E|CS|TAMS 0x000000008b500000, 0x000000008b500000| Complete 
| 182|0x000000008b600000, 0x000000008b700000, 0x000000008b700000|100%| E|CS|TAMS 0x000000008b600000, 0x000000008b600000| Complete 
| 255|0x000000008ff00000, 0x0000000090000000, 0x0000000090000000|100%| E|CS|TAMS 0x000000008ff00000, 0x000000008ff00000| Complete 

Card table byte_map: [0x000002a377030000,0x000002a377430000] _byte_map_base: 0x000002a376c30000

Marking Bits (Prev, Next): (CMBitMap*) 0x000002a36f1c5050, (CMBitMap*) 0x000002a36f1c5010
 Prev Bits: [0x000002a379830000, 0x000002a37b830000)
 Next Bits: [0x000002a377830000, 0x000002a379830000)

Polling page: 0x000002a36d150000

Metaspace:

Usage:
  Non-class:     62.78 MB used.
      Class:      9.56 MB used.
       Both:     72.34 MB used.

Virtual space:
  Non-class space:       64.00 MB reserved,      63.06 MB ( 99%) committed,  8 nodes.
      Class space:        1.00 GB reserved,       9.88 MB ( <1%) committed,  1 nodes.
              Both:        1.06 GB reserved,      72.94 MB (  7%) committed. 

Chunk freelists:
   Non-Class:  848.00 KB
       Class:  2.09 MB
        Both:  2.92 MB

MaxMetaspaceSize: 17179869184.00 GB
CompressedClassSpaceSize: 1.00 GB
 - commit_granule_bytes: 65536.
 - commit_granule_words: 8192.
 - virtual_space_node_default_size: 1048576.
 - enlarge_chunks_in_place: 1.
 - new_chunks_are_fully_committed: 0.
 - uncommit_free_chunks: 1.
 - use_allocation_guard: 0.
 - handle_deallocations: 1.


Internal statistics:

num_allocs_failed_limit: 6.
num_arena_births: 758.
num_arena_deaths: 2.
num_vsnodes_births: 9.
num_vsnodes_deaths: 0.
num_space_committed: 1167.
num_space_uncommitted: 0.
num_chunks_returned_to_freelist: 9.
num_chunks_taken_from_freelist: 3641.
num_chunk_merges: 6.
num_chunk_splits: 2360.
num_chunks_enlarged: 1560.
num_purges: 2.

CodeHeap 'non-profiled nmethods': size=120000Kb used=4969Kb max_used=5395Kb free=115030Kb
 bounds [0x000002a307ad0000, 0x000002a308020000, 0x000002a30f000000]
CodeHeap 'profiled nmethods': size=120000Kb used=17202Kb max_used=18428Kb free=102797Kb
 bounds [0x000002a3005a0000, 0x000002a3017a0000, 0x000002a307ad0000]
CodeHeap 'non-nmethods': size=5760Kb used=2468Kb max_used=2517Kb free=3291Kb
 bounds [0x000002a300000000, 0x000002a300290000, 0x000002a3005a0000]
 total_blobs=9726 nmethods=8712 adapters=926
 compilation: enabled
              stopped_count=0, restarted_count=0
 full_count=0

Compilation events (20 events):
Event: 28.083 Thread 0x000002a37e28e230 10420       2       com.android.ide.common.vectordrawable.VdTree::parsePathAttributes (15 bytes)
Event: 28.083 Thread 0x000002a37e28e230 nmethod 10420 0x000002a30112f790 code [0x000002a30112f940, 0x000002a30112fae8]
Event: 28.086 Thread 0x000002a37e28e230 10421       2       sun.nio.ch.Util::getTemporaryDirectBuffer (55 bytes)
Event: 28.087 Thread 0x000002a37e28e230 nmethod 10421 0x000002a3007bb010 code [0x000002a3007bb220, 0x000002a3007bb648]
Event: 28.087 Thread 0x000002a37e28e230 10422       2       sun.nio.ch.Util::offerFirstTemporaryDirectBuffer (53 bytes)
Event: 28.088 Thread 0x000002a314d486a0 nmethod 10407 0x000002a307cf6f10 code [0x000002a307cf70c0, 0x000002a307cf7dd8]
Event: 28.088 Thread 0x000002a314d486a0 10415       4       sun.nio.fs.WindowsPathParser::normalize (233 bytes)
Event: 28.089 Thread 0x000002a37e28e230 nmethod 10422 0x000002a301667c90 code [0x000002a301667ea0, 0x000002a3016681d8]
Event: 28.089 Thread 0x000002a37e28e230 10424       2       java.nio.MappedByteBuffer::flip (5 bytes)
Event: 28.089 Thread 0x000002a37e28e230 nmethod 10424 0x000002a30120d810 code [0x000002a30120d9a0, 0x000002a30120dab8]
Event: 28.089 Thread 0x000002a37e28e230 10425       2       sun.nio.ch.Util::isBufferTooLarge (8 bytes)
Event: 28.090 Thread 0x000002a37e28e230 nmethod 10425 0x000002a3012e4f90 code [0x000002a3012e5120, 0x000002a3012e5238]
Event: 28.090 Thread 0x000002a37e28e230 10426       2       sun.nio.ch.Util$BufferCache::offerFirst (73 bytes)
Event: 28.090 Thread 0x000002a37e28e230 nmethod 10426 0x000002a301561590 code [0x000002a301561740, 0x000002a3015619b8]
Event: 28.090 Thread 0x000002a37e28e230 10423       1       java.nio.DirectByteBuffer::isReadOnly (2 bytes)
Event: 28.090 Thread 0x000002a37e28e230 nmethod 10423 0x000002a307e98010 code [0x000002a307e981a0, 0x000002a307e98278]
Event: 28.138 Thread 0x000002a37e28e230 10427       2       com.android.ide.common.vectordrawable.VdPath::addGradientIfExists (454 bytes)
Event: 28.148 Thread 0x000002a37e28e230 nmethod 10427 0x000002a300ed7a10 code [0x000002a300ed7f20, 0x000002a300ed9658]
Event: 28.148 Thread 0x000002a37e28e230 10428       2       com.android.ide.common.vectordrawable.VdPath$VdGradient::<init> (33 bytes)
Event: 28.149 Thread 0x000002a37e28e230 nmethod 10428 0x000002a3010ba290 code [0x000002a3010ba440, 0x000002a3010ba7b8]

GC Heap History (20 events):
Event: 14.350 GC heap before
{Heap before GC invocations=27 (full 0):
 garbage-first heap   total 102400K, used 80897K [0x0000000080000000, 0x0000000100000000)
  region size 1024K, 26 young (26624K), 3 survivors (3072K)
 Metaspace       used 64626K, committed 65152K, reserved 1105920K
  class space    used 8736K, committed 8960K, reserved 1048576K
}
Event: 14.362 GC heap after
{Heap after GC invocations=28 (full 0):
 garbage-first heap   total 102400K, used 59191K [0x0000000080000000, 0x0000000100000000)
  region size 1024K, 4 young (4096K), 4 survivors (4096K)
 Metaspace       used 64626K, committed 65152K, reserved 1105920K
  class space    used 8736K, committed 8960K, reserved 1048576K
}
Event: 15.270 GC heap before
{Heap before GC invocations=28 (full 0):
 garbage-first heap   total 102400K, used 83767K [0x0000000080000000, 0x0000000100000000)
  region size 1024K, 28 young (28672K), 4 survivors (4096K)
 Metaspace       used 66796K, committed 67392K, reserved 1114112K
  class space    used 9080K, committed 9344K, reserved 1048576K
}
Event: 15.285 GC heap after
{Heap after GC invocations=29 (full 0):
 garbage-first heap   total 102400K, used 61398K [0x0000000080000000, 0x0000000100000000)
  region size 1024K, 4 young (4096K), 4 survivors (4096K)
 Metaspace       used 66796K, committed 67392K, reserved 1114112K
  class space    used 9080K, committed 9344K, reserved 1048576K
}
Event: 16.120 GC heap before
{Heap before GC invocations=30 (full 0):
 garbage-first heap   total 111616K, used 82902K [0x0000000080000000, 0x0000000100000000)
  region size 1024K, 26 young (26624K), 4 survivors (4096K)
 Metaspace       used 67852K, committed 68416K, reserved 1114112K
  class space    used 9258K, committed 9536K, reserved 1048576K
}
Event: 16.137 GC heap after
{Heap after GC invocations=31 (full 0):
 garbage-first heap   total 111616K, used 63432K [0x0000000080000000, 0x0000000100000000)
  region size 1024K, 3 young (3072K), 3 survivors (3072K)
 Metaspace       used 67852K, committed 68416K, reserved 1114112K
  class space    used 9258K, committed 9536K, reserved 1048576K
}
Event: 16.987 GC heap before
{Heap before GC invocations=31 (full 0):
 garbage-first heap   total 111616K, used 90056K [0x0000000080000000, 0x0000000100000000)
  region size 1024K, 30 young (30720K), 3 survivors (3072K)
 Metaspace       used 68192K, committed 68800K, reserved 1114112K
  class space    used 9279K, committed 9600K, reserved 1048576K
}
Event: 17.001 GC heap after
{Heap after GC invocations=32 (full 0):
 garbage-first heap   total 134144K, used 65204K [0x0000000080000000, 0x0000000100000000)
  region size 1024K, 4 young (4096K), 4 survivors (4096K)
 Metaspace       used 68192K, committed 68800K, reserved 1114112K
  class space    used 9279K, committed 9600K, reserved 1048576K
}
Event: 24.558 GC heap before
{Heap before GC invocations=33 (full 0):
 garbage-first heap   total 134144K, used 106164K [0x0000000080000000, 0x0000000100000000)
  region size 1024K, 45 young (46080K), 4 survivors (4096K)
 Metaspace       used 70051K, committed 70656K, reserved 1114112K
  class space    used 9446K, committed 9728K, reserved 1048576K
}
Event: 24.573 GC heap after
{Heap after GC invocations=34 (full 0):
 garbage-first heap   total 134144K, used 69160K [0x0000000080000000, 0x0000000100000000)
  region size 1024K, 6 young (6144K), 6 survivors (6144K)
 Metaspace       used 70051K, committed 70656K, reserved 1114112K
  class space    used 9446K, committed 9728K, reserved 1048576K
}
Event: 25.069 GC heap before
{Heap before GC invocations=34 (full 0):
 garbage-first heap   total 134144K, used 81448K [0x0000000080000000, 0x0000000100000000)
  region size 1024K, 19 young (19456K), 6 survivors (6144K)
 Metaspace       used 70126K, committed 70656K, reserved 1114112K
  class space    used 9446K, committed 9728K, reserved 1048576K
}
Event: 25.088 GC heap after
{Heap after GC invocations=35 (full 0):
 garbage-first heap   total 134144K, used 74531K [0x0000000080000000, 0x0000000100000000)
  region size 1024K, 5 young (5120K), 5 survivors (5120K)
 Metaspace       used 70126K, committed 70656K, reserved 1114112K
  class space    used 9446K, committed 9728K, reserved 1048576K
}
Event: 26.037 GC heap before
{Heap before GC invocations=36 (full 0):
 garbage-first heap   total 145408K, used 104227K [0x0000000080000000, 0x0000000100000000)
  region size 1024K, 32 young (32768K), 5 survivors (5120K)
 Metaspace       used 70794K, committed 71360K, reserved 1114112K
  class space    used 9494K, committed 9792K, reserved 1048576K
}
Event: 26.059 GC heap after
{Heap after GC invocations=37 (full 0):
 garbage-first heap   total 145408K, used 84867K [0x0000000080000000, 0x0000000100000000)
  region size 1024K, 4 young (4096K), 4 survivors (4096K)
 Metaspace       used 70794K, committed 71360K, reserved 1114112K
  class space    used 9494K, committed 9792K, reserved 1048576K
}
Event: 26.327 GC heap before
{Heap before GC invocations=37 (full 0):
 garbage-first heap   total 145408K, used 95107K [0x0000000080000000, 0x0000000100000000)
  region size 1024K, 16 young (16384K), 4 survivors (4096K)
 Metaspace       used 71625K, committed 72192K, reserved 1114112K
  class space    used 9574K, committed 9856K, reserved 1048576K
}
Event: 26.341 GC heap after
{Heap after GC invocations=38 (full 0):
 garbage-first heap   total 145408K, used 87310K [0x0000000080000000, 0x0000000100000000)
  region size 1024K, 3 young (3072K), 3 survivors (3072K)
 Metaspace       used 71625K, committed 72192K, reserved 1114112K
  class space    used 9574K, committed 9856K, reserved 1048576K
}
Event: 27.141 GC heap before
{Heap before GC invocations=39 (full 0):
 garbage-first heap   total 186368K, used 115982K [0x0000000080000000, 0x0000000100000000)
  region size 1024K, 21 young (21504K), 3 survivors (3072K)
 Metaspace       used 73838K, committed 74368K, reserved 1114112K
  class space    used 9785K, committed 10048K, reserved 1048576K
}
Event: 27.153 GC heap after
{Heap after GC invocations=40 (full 0):
 garbage-first heap   total 186368K, used 103546K [0x0000000080000000, 0x0000000100000000)
  region size 1024K, 4 young (4096K), 4 survivors (4096K)
 Metaspace       used 73838K, committed 74368K, reserved 1114112K
  class space    used 9785K, committed 10048K, reserved 1048576K
}
Event: 28.005 GC heap before
{Heap before GC invocations=41 (full 0):
 garbage-first heap   total 188416K, used 125050K [0x0000000080000000, 0x0000000100000000)
  region size 1024K, 25 young (25600K), 4 survivors (4096K)
 Metaspace       used 74065K, committed 74688K, reserved 1114112K
  class space    used 9793K, committed 10112K, reserved 1048576K
}
Event: 28.018 GC heap after
{Heap after GC invocations=42 (full 0):
 garbage-first heap   total 188416K, used 107304K [0x0000000080000000, 0x0000000100000000)
  region size 1024K, 5 young (5120K), 5 survivors (5120K)
 Metaspace       used 74065K, committed 74688K, reserved 1114112K
  class space    used 9793K, committed 10112K, reserved 1048576K
}

Deoptimization events (20 events):
Event: 27.998 Thread 0x000002a30fc35dd0 DEOPT PACKING pc=0x000002a30068f3d4 sp=0x000000c9213f9750
Event: 27.998 Thread 0x000002a30fc35dd0 DEOPT UNPACKING pc=0x000002a30004dece sp=0x000000c9213f8cd0 mode 0
Event: 28.025 Thread 0x000002a30fc35dd0 DEOPT PACKING pc=0x000002a30068f3d4 sp=0x000000c9213f9750
Event: 28.025 Thread 0x000002a30fc35dd0 DEOPT UNPACKING pc=0x000002a30004dece sp=0x000000c9213f8cd0 mode 0
Event: 28.029 Thread 0x000002a30f4183f0 DEOPT PACKING pc=0x000002a30171f284 sp=0x000000c921efcfd0
Event: 28.030 Thread 0x000002a30f4183f0 DEOPT UNPACKING pc=0x000002a30004dece sp=0x000000c921efc508 mode 0
Event: 28.033 Thread 0x000002a30fc35dd0 DEOPT PACKING pc=0x000002a30068f3d4 sp=0x000000c9213f9750
Event: 28.033 Thread 0x000002a30fc35dd0 DEOPT UNPACKING pc=0x000002a30004dece sp=0x000000c9213f8cd0 mode 0
Event: 28.033 Thread 0x000002a30f4183f0 DEOPT PACKING pc=0x000002a30171f284 sp=0x000000c921efcfd0
Event: 28.033 Thread 0x000002a30f4183f0 DEOPT UNPACKING pc=0x000002a30004dece sp=0x000000c921efc508 mode 0
Event: 28.037 Thread 0x000002a30f4183f0 DEOPT PACKING pc=0x000002a30171f284 sp=0x000000c921efcfd0
Event: 28.038 Thread 0x000002a30f4183f0 DEOPT UNPACKING pc=0x000002a30004dece sp=0x000000c921efc508 mode 0
Event: 28.041 Thread 0x000002a30f4183f0 Uncommon trap: trap_request=0xffffff45 fr.pc=0x000002a307b37d24 relative=0x0000000000000384
Event: 28.041 Thread 0x000002a30f4183f0 Uncommon trap: reason=unstable_if action=reinterpret pc=0x000002a307b37d24 method=com.android.ide.common.vectordrawable.PathParser.nextStart(Ljava/lang/String;I)I @ 5 c2
Event: 28.041 Thread 0x000002a30f4183f0 DEOPT PACKING pc=0x000002a307b37d24 sp=0x000000c921efd570
Event: 28.041 Thread 0x000002a30f4183f0 DEOPT UNPACKING pc=0x000002a30004d72e sp=0x000000c921efd4f0 mode 2
Event: 28.041 Thread 0x000002a30fc35dd0 DEOPT PACKING pc=0x000002a30068f3d4 sp=0x000000c9213f9750
Event: 28.041 Thread 0x000002a30fc35dd0 DEOPT UNPACKING pc=0x000002a30004dece sp=0x000000c9213f8cd0 mode 0
Event: 28.074 Thread 0x000002a30fc35dd0 DEOPT PACKING pc=0x000002a30068f3d4 sp=0x000000c9213f9750
Event: 28.074 Thread 0x000002a30fc35dd0 DEOPT UNPACKING pc=0x000002a30004dece sp=0x000000c9213f8cd0 mode 0

Classes unloaded (1 events):
Event: 25.287 Thread 0x000002a37e25c470 Unloading class 0x0000000801554000 'java/lang/invoke/LambdaForm$DMH+0x0000000801554000'

Classes redefined (0 events):
No events

Internal exceptions (20 events):
Event: 26.075 Thread 0x000002a30fc35dd0 Exception <a 'java/lang/NoSuchMethodError'{0x000000008ff73d60}: static Lcom/android/ide/common/resources/SourcelessResourceMergerItem;.<clinit>()V> (0x000000008ff73d60) 
thrown [t:\workspace\open\src\hotspot\share\prims\jni.cpp, line 1210]
Event: 26.076 Thread 0x000002a30fc35dd0 Exception <a 'java/lang/NoSuchMethodError'{0x000000008ff78788}: static Lcom/android/ide/common/resources/DataItem;.<clinit>()V> (0x000000008ff78788) 
thrown [t:\workspace\open\src\hotspot\share\prims\jni.cpp, line 1210]
Event: 26.077 Thread 0x000002a30fc35dd0 Exception <a 'java/lang/NoSuchMethodError'{0x000000008ff83f70}: static Lcom/android/ide/common/resources/DataItem;.<clinit>()V> (0x000000008ff83f70) 
thrown [t:\workspace\open\src\hotspot\share\prims\jni.cpp, line 1210]
Event: 26.083 Thread 0x000002a30fc35dd0 Exception <a 'java/lang/NoSuchMethodError'{0x000000008ffab650}: static Ljava/lang/Object;.<clinit>()V> (0x000000008ffab650) 
thrown [t:\workspace\open\src\hotspot\share\prims\jni.cpp, line 1210]
Event: 26.090 Thread 0x000002a30fc35dd0 Exception <a 'java/lang/NoSuchMethodError'{0x000000008ffe0f98}: static Lcom/android/ide/common/rendering/api/ResourceNamespace$ResAutoNamespace;.<clinit>()V> (0x000000008ffe0f98) 
thrown [t:\workspace\open\src\hotspot\share\prims\jni.cpp, line 1210]
Event: 26.091 Thread 0x000002a30fc35dd0 Exception <a 'java/lang/NoSuchMethodError'{0x000000008ffe4e38}: static Ljava/lang/Object;.<clinit>()V> (0x000000008ffe4e38) 
thrown [t:\workspace\open\src\hotspot\share\prims\jni.cpp, line 1210]
Event: 26.095 Thread 0x000002a30fc35dd0 Exception <a 'java/lang/NoSuchMethodError'{0x0000000089101040}: static Ljava/lang/Object;.<clinit>()V> (0x0000000089101040) 
thrown [t:\workspace\open\src\hotspot\share\prims\jni.cpp, line 1210]
Event: 26.097 Thread 0x000002a30fc35dd0 Exception <a 'java/lang/NoSuchMethodError'{0x00000000891169d8}: static [Lcom/android/ide/common/resources/configuration/ResourceQualifier;.<clinit>()V> (0x00000000891169d8) 
thrown [t:\workspace\open\src\hotspot\share\prims\jni.cpp, line 1210]
Event: 26.102 Thread 0x000002a30fc35dd0 Exception <a 'java/lang/NoSuchMethodError'{0x0000000089149038}: static Lcom/android/ide/common/resources/configuration/EnumBasedResourceQualifier;.<clinit>()V> (0x0000000089149038) 
thrown [t:\workspace\open\src\hotspot\share\prims\jni.cpp, line 1210]
Event: 26.102 Thread 0x000002a30fc35dd0 Exception <a 'java/lang/NoSuchMethodError'{0x000000008914c4f0}: static Lcom/android/ide/common/resources/configuration/EnumBasedResourceQualifier;.<clinit>()V> (0x000000008914c4f0) 
thrown [t:\workspace\open\src\hotspot\share\prims\jni.cpp, line 1210]
Event: 26.103 Thread 0x000002a30fc35dd0 Exception <a 'java/lang/NoSuchMethodError'{0x000000008914f1c0}: static Lcom/android/ide/common/resources/configuration/ResourceQualifier;.<clinit>()V> (0x000000008914f1c0) 
thrown [t:\workspace\open\src\hotspot\share\prims\jni.cpp, line 1210]
Event: 26.105 Thread 0x000002a30fc35dd0 Exception <a 'java/lang/NoSuchMethodError'{0x0000000089166b40}: static Lcom/android/ide/common/resources/configuration/EnumBasedResourceQualifier;.<clinit>()V> (0x0000000089166b40) 
thrown [t:\workspace\open\src\hotspot\share\prims\jni.cpp, line 1210]
Event: 26.108 Thread 0x000002a30fc35dd0 Exception <a 'java/lang/NoSuchMethodError'{0x000000008917d480}: static Lcom/android/ide/common/resources/configuration/EnumBasedResourceQualifier;.<clinit>()V> (0x000000008917d480) 
thrown [t:\workspace\open\src\hotspot\share\prims\jni.cpp, line 1210]
Event: 26.112 Thread 0x000002a30fc35dd0 Exception <a 'java/lang/NoSuchMethodError'{0x000000008919e6c0}: static Lcom/android/build/gradle/tasks/MergeResources$MergeResourcesVectorDrawableRenderer;.<clinit>()V> (0x000000008919e6c0) 
thrown [t:\workspace\open\src\hotspot\share\prims\jni.cpp, line 1210]
Event: 26.112 Thread 0x000002a30fc35dd0 Exception <a 'java/lang/NoSuchMethodError'{0x00000000891a11b8}: static Ljava/lang/Object;.<clinit>()V> (0x00000000891a11b8) 
thrown [t:\workspace\open\src\hotspot\share\prims\jni.cpp, line 1210]
Event: 26.115 Thread 0x000002a30fc35dd0 Exception <a 'java/lang/NoSuchMethodError'{0x00000000891b1d88}: static Lcom/android/build/gradle/internal/LoggerWrapper$LoggerSupplier;.<clinit>()V> (0x00000000891b1d88) 
thrown [t:\workspace\open\src\hotspot\share\prims\jni.cpp, line 1210]
Event: 26.356 Thread 0x000002a30f353060 Exception <a 'java/lang/ClassNotFoundException'{0x000000008ffa1db0}: sun/awt/resources/spi/awtProvider> (0x000000008ffa1db0) 
thrown [t:\workspace\open\src\hotspot\share\classfile\systemDictionary.cpp, line 256]
Event: 26.364 Thread 0x000002a30f353060 Exception <a 'java/io/FileNotFoundException'{0x00000000891419e8}> (0x00000000891419e8) 
thrown [t:\workspace\open\src\hotspot\share\prims\jni.cpp, line 579]
Event: 26.364 Thread 0x000002a30f353060 Exception <a 'java/io/FileNotFoundException'{0x00000000891431c0}> (0x00000000891431c0) 
thrown [t:\workspace\open\src\hotspot\share\prims\jni.cpp, line 579]
Event: 26.483 Thread 0x000002a30fc35dd0 Exception <a 'java/lang/NoSuchMethodError'{0x0000000088eeb120}: static Lcom/android/ide/common/resources/configuration/ResourceQualifier;.<clinit>()V> (0x0000000088eeb120) 
thrown [t:\workspace\open\src\hotspot\share\prims\jni.cpp, line 1210]

Events (20 events):
Event: 27.622 Executing  VM operation: HandshakeAllThreads
Event: 27.622 Executing  VM operation: HandshakeAllThreads done
Event: 27.636 loading class org/w3c/dom/DOMImplementation
Event: 27.637 loading class org/w3c/dom/DOMImplementation done
Event: 27.638 loading class org/w3c/dom/ls/DOMImplementationLS
Event: 27.638 loading class org/w3c/dom/ls/DOMImplementationLS done
Event: 27.640 loading class org/w3c/dom/ls/LSInput
Event: 27.641 loading class org/w3c/dom/ls/LSInput done
Event: 27.641 loading class org/w3c/dom/ls/LSParser
Event: 27.641 loading class org/w3c/dom/ls/LSParser done
Event: 27.641 loading class org/w3c/dom/ls/LSSerializer
Event: 27.642 loading class org/w3c/dom/ls/LSSerializer done
Event: 27.659 Executing  VM operation: G1Concurrent
Event: 27.661 Executing  VM operation: G1Concurrent done
Event: 27.663 loading class org/w3c/dom/ls/LSOutput
Event: 27.663 loading class org/w3c/dom/ls/LSOutput done
Event: 28.003 Executing  VM operation: G1TryInitiateConcMark
Event: 28.004 Executing  VM operation: G1TryInitiateConcMark done
Event: 28.004 Executing  VM operation: G1TryInitiateConcMark
Event: 28.024 Executing  VM operation: G1TryInitiateConcMark done


Dynamic libraries:
0x00007ff79c560000 - 0x00007ff79c56e000 	C:\Users\Kieran\.jdks\openjdk-16.0.2\bin\java.exe
0x00007ff978af0000 - 0x00007ff978cb1000 	C:\Windows\SYSTEM32\ntdll.dll
0x00007ff977a70000 - 0x00007ff977b1d000 	C:\Windows\system32\KERNEL32.DLL
0x00007ff975650000 - 0x00007ff975838000 	C:\Windows\system32\KERNELBASE.dll
0x00007ff96df00000 - 0x00007ff96df19000 	C:\Users\Kieran\.jdks\openjdk-16.0.2\bin\VCRUNTIME140.dll
0x00007ff965990000 - 0x00007ff9659a8000 	C:\Users\Kieran\.jdks\openjdk-16.0.2\bin\jli.dll
0x00007ff9742b0000 - 0x00007ff9743a4000 	C:\Windows\SYSTEM32\ucrtbase.dll
0x00007ff977b20000 - 0x00007ff977c76000 	C:\Windows\system32\USER32.dll
0x00007ff95e7e0000 - 0x00007ff95ea54000 	C:\Windows\WinSxS\amd64_microsoft.windows.common-controls_6595b64144ccf1df_6.0.10586.0_none_8c15ae12515e1c22\COMCTL32.dll
0x00007ff977cf0000 - 0x00007ff977e76000 	C:\Windows\system32\GDI32.dll
0x00007ff978700000 - 0x00007ff97879d000 	C:\Windows\system32\msvcrt.dll
0x00007ff978440000 - 0x00007ff9786bd000 	C:\Windows\system32\combase.dll
0x00007ff978320000 - 0x00007ff97843c000 	C:\Windows\system32\RPCRT4.dll
0x00007ff975250000 - 0x00007ff9752ba000 	C:\Windows\system32\bcryptPrimitives.dll
0x00007ff9786c0000 - 0x00007ff9786fb000 	C:\Windows\system32\IMM32.DLL
0x00007ff973050000 - 0x00007ff97305c000 	C:\Users\Kieran\.jdks\openjdk-16.0.2\bin\vcruntime140_1.dll
0x00007ff9502d0000 - 0x00007ff950361000 	C:\Users\Kieran\.jdks\openjdk-16.0.2\bin\msvcp140.dll
0x00007ff92e570000 - 0x00007ff92f11b000 	C:\Users\Kieran\.jdks\openjdk-16.0.2\bin\server\jvm.dll
0x00007ff975ef0000 - 0x00007ff975f97000 	C:\Windows\system32\ADVAPI32.dll
0x00007ff977c90000 - 0x00007ff977ceb000 	C:\Windows\system32\sechost.dll
0x00007ff977c80000 - 0x00007ff977c88000 	C:\Windows\system32\PSAPI.DLL
0x00007ff964040000 - 0x00007ff964049000 	C:\Windows\SYSTEM32\WSOCK32.dll
0x00007ff9731a0000 - 0x00007ff9731c3000 	C:\Windows\SYSTEM32\WINMM.dll
0x00007ff967be0000 - 0x00007ff967bea000 	C:\Windows\SYSTEM32\VERSION.dll
0x00007ff978a80000 - 0x00007ff978aeb000 	C:\Windows\system32\WS2_32.dll
0x00007ff973140000 - 0x00007ff97316c000 	C:\Windows\SYSTEM32\WINMMBASE.dll
0x00007ff9754b0000 - 0x00007ff9754f3000 	C:\Windows\system32\cfgmgr32.dll
0x00007ff975140000 - 0x00007ff97514f000 	C:\Windows\system32\kernel.appcore.dll
0x00007ff96de50000 - 0x00007ff96de5a000 	C:\Users\Kieran\.jdks\openjdk-16.0.2\bin\jimage.dll
0x00007ff967320000 - 0x00007ff9674ac000 	C:\Windows\SYSTEM32\DBGHELP.DLL
0x00007ff967030000 - 0x00007ff967055000 	C:\Windows\SYSTEM32\dbgcore.DLL
0x00007ff965960000 - 0x00007ff965985000 	C:\Users\Kieran\.jdks\openjdk-16.0.2\bin\java.dll
0x00007ff976510000 - 0x00007ff977a6f000 	C:\Windows\system32\SHELL32.dll
0x00007ff975840000 - 0x00007ff975e84000 	C:\Windows\system32\windows.storage.dll
0x00007ff9781f0000 - 0x00007ff978242000 	C:\Windows\system32\shlwapi.dll
0x00007ff975500000 - 0x00007ff9755b5000 	C:\Windows\system32\shcore.dll
0x00007ff975150000 - 0x00007ff97519b000 	C:\Windows\system32\powrprof.dll
0x00007ff975110000 - 0x00007ff975124000 	C:\Windows\system32\profapi.dll
0x00007ff965940000 - 0x00007ff965959000 	C:\Users\Kieran\.jdks\openjdk-16.0.2\bin\net.dll
0x00007ff96d580000 - 0x00007ff96d648000 	C:\Windows\SYSTEM32\WINHTTP.dll
0x00007ff974a40000 - 0x00007ff974a9c000 	C:\Windows\system32\mswsock.dll
0x00007ff95f6e0000 - 0x00007ff95f6f3000 	C:\Users\Kieran\.jdks\openjdk-16.0.2\bin\nio.dll
0x00007ff958f30000 - 0x00007ff958f48000 	C:\Users\Kieran\.jdks\openjdk-16.0.2\bin\zip.dll
0x00007ff96dd10000 - 0x00007ff96dd20000 	C:\Users\Kieran\.jdks\openjdk-16.0.2\bin\verify.dll
0x00007ff9659b0000 - 0x00007ff9659d7000 	C:\Users\Kieran\Desktop\native\8bec1ad78214c89d9ad589b4d07fe93259594b29d510b10fafb7a158f7737e5d\windows-amd64\native-platform.dll
0x00007ff94fbe0000 - 0x00007ff94fd1d000 	C:\Users\Kieran\Desktop\native\53dbd7edfb1c66fb8903c78663c9afc45aea4f116125fa6feffd364cf09443e8\windows-amd64\native-platform-file-events.dll
0x00007ff965930000 - 0x00007ff965939000 	C:\Users\Kieran\.jdks\openjdk-16.0.2\bin\management.dll
0x00007ff963450000 - 0x00007ff96345b000 	C:\Users\Kieran\.jdks\openjdk-16.0.2\bin\management_ext.dll
0x00007ff974af0000 - 0x00007ff974b07000 	C:\Windows\SYSTEM32\CRYPTSP.dll
0x00007ff974780000 - 0x00007ff9747b4000 	C:\Windows\system32\rsaenh.dll
0x00007ff974d10000 - 0x00007ff974d39000 	C:\Windows\SYSTEM32\bcrypt.dll
0x00007ff9748d0000 - 0x00007ff9748ef000 	C:\Windows\SYSTEM32\USERENV.dll
0x00007ff974c10000 - 0x00007ff974c1b000 	C:\Windows\SYSTEM32\CRYPTBASE.dll
0x00007ff971330000 - 0x00007ff971368000 	C:\Windows\SYSTEM32\IPHLPAPI.DLL
0x00007ff978810000 - 0x00007ff978818000 	C:\Windows\system32\NSI.dll
0x00007ff970ba0000 - 0x00007ff970bb6000 	C:\Windows\SYSTEM32\dhcpcsvc6.DLL
0x00007ff970e10000 - 0x00007ff970e2a000 	C:\Windows\SYSTEM32\dhcpcsvc.DLL
0x00007ff962290000 - 0x00007ff96229e000 	C:\Users\Kieran\.jdks\openjdk-16.0.2\bin\sunmscapi.dll
0x00007ff9752c0000 - 0x00007ff975487000 	C:\Windows\system32\CRYPT32.dll
0x00007ff975130000 - 0x00007ff975140000 	C:\Windows\system32\MSASN1.dll
0x00007ff974ce0000 - 0x00007ff974d07000 	C:\Windows\SYSTEM32\ncrypt.dll
0x00007ff974ca0000 - 0x00007ff974cda000 	C:\Windows\SYSTEM32\NTASN1.dll
0x00007ff932050000 - 0x00007ff9321cf000 	C:\Users\Kieran\.jdks\openjdk-16.0.2\bin\awt.dll
0x00007ff978250000 - 0x00007ff978311000 	C:\Windows\system32\OLEAUT32.dll
0x00007ff973820000 - 0x00007ff973899000 	C:\Windows\system32\apphelp.dll
0x00007ff973090000 - 0x00007ff9730b2000 	C:\Windows\system32\DWMAPI.DLL
0x00007ff973a90000 - 0x00007ff973b26000 	C:\Windows\system32\uxtheme.dll

dbghelp: loaded successfully - version: 4.0.5 - missing functions: none
symbol engine: initialized successfully - sym options: 0x614 - pdb path: .;C:\Users\Kieran\.jdks\openjdk-16.0.2\bin;C:\Windows\SYSTEM32;C:\Windows\WinSxS\amd64_microsoft.windows.common-controls_6595b64144ccf1df_6.0.10586.0_none_8c15ae12515e1c22;C:\Users\Kieran\.jdks\openjdk-16.0.2\bin\server;C:\Users\Kieran\Desktop\native\8bec1ad78214c89d9ad589b4d07fe93259594b29d510b10fafb7a158f7737e5d\windows-amd64;C:\Users\Kieran\Desktop\native\53dbd7edfb1c66fb8903c78663c9afc45aea4f116125fa6feffd364cf09443e8\windows-amd64

VM Arguments:
jvm_args: --add-opens=java.base/java.util=ALL-UNNAMED --add-opens=java.base/java.lang=ALL-UNNAMED --add-opens=java.base/java.lang.invoke=ALL-UNNAMED --add-opens=java.base/java.util=ALL-UNNAMED --add-opens=java.prefs/java.util.prefs=ALL-UNNAMED --add-opens=java.prefs/java.util.prefs=ALL-UNNAMED --add-opens=java.base/java.nio.charset=ALL-UNNAMED --add-opens=java.base/java.net=ALL-UNNAMED --add-opens=java.base/java.util.concurrent.atomic=ALL-UNNAMED -Xmx2048m -Dfile.encoding=UTF-8 -Duser.country=GB -Duser.language=en -Duser.variant 
java_command: org.gradle.launcher.daemon.bootstrap.GradleDaemon 7.0.2
java_class_path (initial): C:\Users\Kieran\Desktop\wrapper\dists\gradle-7.0.2-all\7era6s5ay7zsbhuvl0oc9g94s\gradle-7.0.2\lib\gradle-launcher-7.0.2.jar
Launcher Type: SUN_STANDARD

[Global flags]
     intx CICompilerCount                          = 4                                         {product} {ergonomic}
     uint ConcGCThreads                            = 2                                         {product} {ergonomic}
     uint G1ConcRefinementThreads                  = 8                                         {product} {ergonomic}
   size_t G1HeapRegionSize                         = 1048576                                   {product} {ergonomic}
    uintx GCDrainStackTargetSize                   = 64                                        {product} {ergonomic}
   size_t InitialHeapSize                          = 268435456                                 {product} {ergonomic}
   size_t MarkStackSize                            = 4194304                                   {product} {ergonomic}
   size_t MaxHeapSize                              = 2147483648                                {product} {command line}
   size_t MaxNewSize                               = 1287651328                                {product} {ergonomic}
   size_t MinHeapDeltaBytes                        = 1048576                                   {product} {ergonomic}
   size_t MinHeapSize                              = 8388608                                   {product} {ergonomic}
    uintx NonNMethodCodeHeapSize                   = 5839372                                {pd product} {ergonomic}
    uintx NonProfiledCodeHeapSize                  = 122909434                              {pd product} {ergonomic}
    uintx ProfiledCodeHeapSize                     = 122909434                              {pd product} {ergonomic}
    uintx ReservedCodeCacheSize                    = 251658240                              {pd product} {ergonomic}
     bool SegmentedCodeCache                       = true                                      {product} {ergonomic}
   size_t SoftMaxHeapSize                          = 2147483648                             {manageable} {ergonomic}
     bool UseCompressedClassPointers               = true                           {product lp64_product} {ergonomic}
     bool UseCompressedOops                        = true                           {product lp64_product} {ergonomic}
     bool UseG1GC                                  = true                                      {product} {ergonomic}
     bool UseLargePagesIndividualAllocation        = false                                  {pd product} {ergonomic}

Logging:
Log output configuration:
 #0: stdout all=warning uptime,level,tags
 #1: stderr all=off uptime,level,tags

Environment Variables:
PATH=C:\Program Files (x86)\Intel\iCLS Client\;C:\Program Files\Intel\iCLS Client\;C:\Windows\system32;C:\Windows;C:\Windows\System32\Wbem;C:\Windows\System32\WindowsPowerShell\v1.0\;C:\Program Files (x86)\Intel\Intel(R) Management Engine Components\DAL;C:\Program Files\Intel\Intel(R) Management Engine Components\DAL;C:\Program Files (x86)\Intel\Intel(R) Management Engine Components\IPT;C:\Program Files\Intel\Intel(R) Management Engine Components\IPT;C:\Program Files\Intel\WiFi\bin\;C:\Program Files\Common Files\Intel\WirelessCommon\;C:\Program Files (x86)\NVIDIA Corporation\PhysX\Common;C:\Program Files\NVIDIA Corporation\NVIDIA NvDLISR;C:\Program Files\Git\cmd
USERNAME=Kieran
OS=Windows_NT
PROCESSOR_IDENTIFIER=Intel64 Family 6 Model 94 Stepping 3, GenuineIntel



---------------  S Y S T E M  ---------------

OS:
 Windows 10 , 64 bit Build 10586 (10.0.10586.0)
OS uptime: 0 days 1:30 hours

CPU: total 8 (initial active 8) (4 cores per cpu, 2 threads per core) family 6 model 94 stepping 3 microcode 0xc2, cx8, cmov, fxsr, ht, mmx, 3dnowpref, sse, sse2, sse3, ssse3, sse4.1, sse4.2, popcnt, lzcnt, tsc, tscinvbit, avx, avx2, aes, erms, clmul, bmi1, bmi2, rtm, adx, fma, vzeroupper, clflush, clflushopt

Memory: 4k page, system-wide physical 16267M (9462M free)
TotalPageFile size 18699M (AvailPageFile size 10845M)
current process WorkingSet (physical memory assigned to process): 421M, peak: 421M
current process commit charge ("private bytes"): 478M, peak: 478M

vm_info: OpenJDK 64-Bit Server VM (16.0.2+7-67) for windows-amd64 JRE (16.0.2+7-67), built on Jun  8 2021 23:21:43 by "mach5one" with MS VC++ 16.7 (VS2019)

END.
